# strace ip route add 10.11.11.99/32 via 172.20.104.1 dev eno1
execve("/usr/sbin/ip", ["ip", "route", "add", "10.11.11.99/32", "via", "172.20.104.1", "dev", "eno1"], 0x7ffce6833e78 /* 18 vars */) = 0
brk(NULL)                               = 0x56186635c000
arch_prctl(0x3001 /* ARCH_??? */, 0x7ffd072ee760) = -1 EINVAL (Invalid argument)
access("/etc/ld.so.preload", R_OK)      = -1 ENOENT (No such file or directory)
openat(AT_FDCWD, "/etc/ld.so.cache", O_RDONLY|O_CLOEXEC) = 3
fstat(3, {st_mode=S_IFREG|0644, st_size=90030, ...}) = 0
mmap(NULL, 90030, PROT_READ, MAP_PRIVATE, 3, 0) = 0x7f4d86fb8000
close(3)                                = 0
openat(AT_FDCWD, "/lib/x86_64-linux-gnu/libelf.so.1", O_RDONLY|O_CLOEXEC) = 3
read(3, "\177ELF\2\1\1\0\0\0\0\0\0\0\0\0\3\0>\0\1\0\0\0\2005\0\0\0\0\0\0"..., 832) = 832
fstat(3, {st_mode=S_IFREG|0644, st_size=109200, ...}) = 0
mmap(NULL, 8192, PROT_READ|PROT_WRITE, MAP_PRIVATE|MAP_ANONYMOUS, -1, 0) = 0x7f4d86fb6000
mmap(NULL, 110976, PROT_READ, MAP_PRIVATE|MAP_DENYWRITE, 3, 0) = 0x7f4d86f9a000
mmap(0x7f4d86f9d000, 73728, PROT_READ|PROT_EXEC, MAP_PRIVATE|MAP_FIXED|MAP_DENYWRITE, 3, 0x3000) = 0x7f4d86f9d000
mmap(0x7f4d86faf000, 20480, PROT_READ, MAP_PRIVATE|MAP_FIXED|MAP_DENYWRITE, 3, 0x15000) = 0x7f4d86faf000
mmap(0x7f4d86fb4000, 8192, PROT_READ|PROT_WRITE, MAP_PRIVATE|MAP_FIXED|MAP_DENYWRITE, 3, 0x19000) = 0x7f4d86fb4000
close(3)                                = 0
openat(AT_FDCWD, "/lib/x86_64-linux-gnu/libmnl.so.0", O_RDONLY|O_CLOEXEC) = 3
read(3, "\177ELF\2\1\1\0\0\0\0\0\0\0\0\0\3\0>\0\1\0\0\0@\31\0\0\0\0\0\0"..., 832) = 832
fstat(3, {st_mode=S_IFREG|0644, st_size=22520, ...}) = 0
mmap(NULL, 2117648, PROT_READ|PROT_EXEC, MAP_PRIVATE|MAP_DENYWRITE, 3, 0) = 0x7f4d86d94000
mprotect(0x7f4d86d99000, 2093056, PROT_NONE) = 0
mmap(0x7f4d86f98000, 8192, PROT_READ|PROT_WRITE, MAP_PRIVATE|MAP_FIXED|MAP_DENYWRITE, 3, 0x4000) = 0x7f4d86f98000
close(3)                                = 0
openat(AT_FDCWD, "/lib/x86_64-linux-gnu/libbsd.so.0", O_RDONLY|O_CLOEXEC) = 3
read(3, "\177ELF\2\1\1\0\0\0\0\0\0\0\0\0\3\0>\0\1\0\0\0@N\0\0\0\0\0\0"..., 832) = 832
fstat(3, {st_mode=S_IFREG|0644, st_size=96728, ...}) = 0
mmap(NULL, 102768, PROT_READ, MAP_PRIVATE|MAP_DENYWRITE, 3, 0) = 0x7f4d86d7a000
mprotect(0x7f4d86d7e000, 77824, PROT_NONE) = 0
mmap(0x7f4d86d7e000, 61440, PROT_READ|PROT_EXEC, MAP_PRIVATE|MAP_FIXED|MAP_DENYWRITE, 3, 0x4000) = 0x7f4d86d7e000
mmap(0x7f4d86d8d000, 12288, PROT_READ, MAP_PRIVATE|MAP_FIXED|MAP_DENYWRITE, 3, 0x13000) = 0x7f4d86d8d000
mmap(0x7f4d86d91000, 8192, PROT_READ|PROT_WRITE, MAP_PRIVATE|MAP_FIXED|MAP_DENYWRITE, 3, 0x16000) = 0x7f4d86d91000
mmap(0x7f4d86d93000, 368, PROT_READ|PROT_WRITE, MAP_PRIVATE|MAP_FIXED|MAP_ANONYMOUS, -1, 0) = 0x7f4d86d93000
close(3)                                = 0
openat(AT_FDCWD, "/lib/x86_64-linux-gnu/libcap.so.2", O_RDONLY|O_CLOEXEC) = 3
read(3, "\177ELF\2\1\1\0\0\0\0\0\0\0\0\0\3\0>\0\1\0\0\0\300#\0\0\0\0\0\0"..., 832) = 832
fstat(3, {st_mode=S_IFREG|0644, st_size=31120, ...}) = 0
mmap(NULL, 33112, PROT_READ, MAP_PRIVATE|MAP_DENYWRITE, 3, 0) = 0x7f4d86d71000
mprotect(0x7f4d86d73000, 20480, PROT_NONE) = 0
mmap(0x7f4d86d73000, 12288, PROT_READ|PROT_EXEC, MAP_PRIVATE|MAP_FIXED|MAP_DENYWRITE, 3, 0x2000) = 0x7f4d86d73000
mmap(0x7f4d86d76000, 4096, PROT_READ, MAP_PRIVATE|MAP_FIXED|MAP_DENYWRITE, 3, 0x5000) = 0x7f4d86d76000
mmap(0x7f4d86d78000, 8192, PROT_READ|PROT_WRITE, MAP_PRIVATE|MAP_FIXED|MAP_DENYWRITE, 3, 0x6000) = 0x7f4d86d78000
close(3)                                = 0
openat(AT_FDCWD, "/lib/x86_64-linux-gnu/libdl.so.2", O_RDONLY|O_CLOEXEC) = 3
read(3, "\177ELF\2\1\1\0\0\0\0\0\0\0\0\0\3\0>\0\1\0\0\0 \22\0\0\0\0\0\0"..., 832) = 832
fstat(3, {st_mode=S_IFREG|0644, st_size=18848, ...}) = 0
mmap(NULL, 20752, PROT_READ, MAP_PRIVATE|MAP_DENYWRITE, 3, 0) = 0x7f4d86d6b000
mmap(0x7f4d86d6c000, 8192, PROT_READ|PROT_EXEC, MAP_PRIVATE|MAP_FIXED|MAP_DENYWRITE, 3, 0x1000) = 0x7f4d86d6c000
mmap(0x7f4d86d6e000, 4096, PROT_READ, MAP_PRIVATE|MAP_FIXED|MAP_DENYWRITE, 3, 0x3000) = 0x7f4d86d6e000
mmap(0x7f4d86d6f000, 8192, PROT_READ|PROT_WRITE, MAP_PRIVATE|MAP_FIXED|MAP_DENYWRITE, 3, 0x3000) = 0x7f4d86d6f000
close(3)                                = 0
openat(AT_FDCWD, "/lib/x86_64-linux-gnu/libc.so.6", O_RDONLY|O_CLOEXEC) = 3
read(3, "\177ELF\2\1\1\3\0\0\0\0\0\0\0\0\3\0>\0\1\0\0\0\300A\2\0\0\0\0\0"..., 832) = 832
pread64(3, "\6\0\0\0\4\0\0\0@\0\0\0\0\0\0\0@\0\0\0\0\0\0\0@\0\0\0\0\0\0\0"..., 784, 64) = 784
pread64(3, "\4\0\0\0\20\0\0\0\5\0\0\0GNU\0\2\0\0\300\4\0\0\0\3\0\0\0\0\0\0\0", 32, 848) = 32
pread64(3, "\4\0\0\0\24\0\0\0\3\0\0\0GNU\0\30x\346\264ur\f|Q\226\236i\253-'o"..., 68, 880) = 68
fstat(3, {st_mode=S_IFREG|0755, st_size=2029592, ...}) = 0
pread64(3, "\6\0\0\0\4\0\0\0@\0\0\0\0\0\0\0@\0\0\0\0\0\0\0@\0\0\0\0\0\0\0"..., 784, 64) = 784
pread64(3, "\4\0\0\0\20\0\0\0\5\0\0\0GNU\0\2\0\0\300\4\0\0\0\3\0\0\0\0\0\0\0", 32, 848) = 32
pread64(3, "\4\0\0\0\24\0\0\0\3\0\0\0GNU\0\30x\346\264ur\f|Q\226\236i\253-'o"..., 68, 880) = 68
mmap(NULL, 2037344, PROT_READ, MAP_PRIVATE|MAP_DENYWRITE, 3, 0) = 0x7f4d86b79000
mmap(0x7f4d86b9b000, 1540096, PROT_READ|PROT_EXEC, MAP_PRIVATE|MAP_FIXED|MAP_DENYWRITE, 3, 0x22000) = 0x7f4d86b9b000
mmap(0x7f4d86d13000, 319488, PROT_READ, MAP_PRIVATE|MAP_FIXED|MAP_DENYWRITE, 3, 0x19a000) = 0x7f4d86d13000
mmap(0x7f4d86d61000, 24576, PROT_READ|PROT_WRITE, MAP_PRIVATE|MAP_FIXED|MAP_DENYWRITE, 3, 0x1e7000) = 0x7f4d86d61000
mmap(0x7f4d86d67000, 13920, PROT_READ|PROT_WRITE, MAP_PRIVATE|MAP_FIXED|MAP_ANONYMOUS, -1, 0) = 0x7f4d86d67000
close(3)                                = 0
openat(AT_FDCWD, "/lib/x86_64-linux-gnu/libz.so.1", O_RDONLY|O_CLOEXEC) = 3
read(3, "\177ELF\2\1\1\3\0\0\0\0\0\0\0\0\3\0>\0\1\0\0\0\200\"\0\0\0\0\0\0"..., 832) = 832
fstat(3, {st_mode=S_IFREG|0644, st_size=108936, ...}) = 0
mmap(NULL, 8192, PROT_READ|PROT_WRITE, MAP_PRIVATE|MAP_ANONYMOUS, -1, 0) = 0x7f4d86b77000
mmap(NULL, 110776, PROT_READ, MAP_PRIVATE|MAP_DENYWRITE, 3, 0) = 0x7f4d86b5b000
mprotect(0x7f4d86b5d000, 98304, PROT_NONE) = 0
mmap(0x7f4d86b5d000, 69632, PROT_READ|PROT_EXEC, MAP_PRIVATE|MAP_FIXED|MAP_DENYWRITE, 3, 0x2000) = 0x7f4d86b5d000
mmap(0x7f4d86b6e000, 24576, PROT_READ, MAP_PRIVATE|MAP_FIXED|MAP_DENYWRITE, 3, 0x13000) = 0x7f4d86b6e000
mmap(0x7f4d86b75000, 8192, PROT_READ|PROT_WRITE, MAP_PRIVATE|MAP_FIXED|MAP_DENYWRITE, 3, 0x19000) = 0x7f4d86b75000
close(3)                                = 0
mmap(NULL, 12288, PROT_READ|PROT_WRITE, MAP_PRIVATE|MAP_ANONYMOUS, -1, 0) = 0x7f4d86b58000
arch_prctl(ARCH_SET_FS, 0x7f4d86b58740) = 0
mprotect(0x7f4d86d61000, 16384, PROT_READ) = 0
mprotect(0x7f4d86b75000, 4096, PROT_READ) = 0
mprotect(0x7f4d86d6f000, 4096, PROT_READ) = 0
mprotect(0x7f4d86d78000, 4096, PROT_READ) = 0
mprotect(0x7f4d86d91000, 4096, PROT_READ) = 0
mprotect(0x7f4d86f98000, 4096, PROT_READ) = 0
mprotect(0x7f4d86fb4000, 4096, PROT_READ) = 0
mprotect(0x561865b3c000, 8192, PROT_READ) = 0
mprotect(0x7f4d86ffb000, 4096, PROT_READ) = 0
munmap(0x7f4d86fb8000, 90030)           = 0
prctl(PR_CAPBSET_READ, CAP_MAC_OVERRIDE) = 1
prctl(PR_CAPBSET_READ, 0x30 /* CAP_??? */) = -1 EINVAL (Invalid argument)
prctl(PR_CAPBSET_READ, 0x28 /* CAP_??? */) = -1 EINVAL (Invalid argument)
prctl(PR_CAPBSET_READ, CAP_BLOCK_SUSPEND) = 1
prctl(PR_CAPBSET_READ, 0x26 /* CAP_??? */) = -1 EINVAL (Invalid argument)
prctl(PR_CAPBSET_READ, CAP_AUDIT_READ)  = 1
getuid()                                = 0
socket(AF_NETLINK, SOCK_RAW|SOCK_CLOEXEC, NETLINK_ROUTE) = 3
setsockopt(3, SOL_SOCKET, SO_SNDBUF, [32768], 4) = 0
setsockopt(3, SOL_SOCKET, SO_RCVBUF, [1048576], 4) = 0
setsockopt(3, SOL_NETLINK, NETLINK_EXT_ACK, [1], 4) = 0
bind(3, {sa_family=AF_NETLINK, nl_pid=0, nl_groups=00000000}, 12) = 0
getsockname(3, {sa_family=AF_NETLINK, nl_pid=175155, nl_groups=00000000}, [12]) = 0
setsockopt(3, SOL_NETLINK, NETLINK_DUMP_STRICT_CHK, [1], 4) = 0
socket(AF_NETLINK, SOCK_RAW|SOCK_CLOEXEC, NETLINK_ROUTE) = 4
setsockopt(4, SOL_SOCKET, SO_SNDBUF, [32768], 4) = 0
setsockopt(4, SOL_SOCKET, SO_RCVBUF, [1048576], 4) = 0
setsockopt(4, SOL_NETLINK, NETLINK_EXT_ACK, [1], 4) = 0
bind(4, {sa_family=AF_NETLINK, nl_pid=0, nl_groups=00000000}, 12) = 0
getsockname(4, {sa_family=AF_NETLINK, nl_pid=-501398374, nl_groups=00000000}, [12]) = 0
sendmsg(4, {msg_name={sa_family=AF_NETLINK, nl_pid=0, nl_groups=00000000}, msg_namelen=12, msg_iov=[{iov_base={{len=52, type=RTM_GETLINK, flags=NLM_F_REQUEST, seq=1669690078, pid=0}, {ifi_family=AF_UNSPEC, ifi_type=ARPHRD_NETROM, ifi_index=0, ifi_flags=0, ifi_change=0}, [{{nla_len=8, nla_type=IFLA_EXT_MASK}, 9}, {{nla_len=9, nla_type=IFLA_IFNAME}, "eno1"}]}, iov_len=52}], msg_iovlen=1, msg_controllen=0, msg_flags=0}, 0) = 52
recvmsg(4, {msg_name={sa_family=AF_NETLINK, nl_pid=0, nl_groups=00000000}, msg_namelen=12, msg_iov=[{iov_base=NULL, iov_len=0}], msg_iovlen=1, msg_controllen=0, msg_flags=MSG_TRUNC}, MSG_PEEK|MSG_TRUNC) = 948
brk(NULL)                               = 0x56186635c000
brk(0x56186637d000)                     = 0x56186637d000
recvmsg(4, {msg_name={sa_family=AF_NETLINK, nl_pid=0, nl_groups=00000000}, msg_namelen=12, msg_iov=[{iov_base={{len=948, type=RTM_NEWLINK, flags=0, seq=1669690078, pid=3793568922}, {ifi_family=AF_UNSPEC, ifi_type=ARPHRD_ETHER, ifi_index=if_nametoindex("eno1"), ifi_flags=IFF_UP|IFF_BROADCAST|IFF_RUNNING|IFF_MULTICAST|IFF_LOWER_UP, ifi_change=0}, [{{nla_len=9, nla_type=IFLA_IFNAME}, "eno1"}, {{nla_len=8, nla_type=IFLA_TXQLEN}, 1000}, {{nla_len=5, nla_type=IFLA_OPERSTATE}, 6}, {{nla_len=5, nla_type=IFLA_LINKMODE}, 0}, {{nla_len=8, nla_type=IFLA_MTU}, 1500}, {{nla_len=8, nla_type=IFLA_MIN_MTU}, 68}, {{nla_len=8, nla_type=IFLA_MAX_MTU}, 9710}, {{nla_len=8, nla_type=IFLA_GROUP}, 0}, {{nla_len=8, nla_type=IFLA_PROMISCUITY}, 0}, {{nla_len=8, nla_type=IFLA_NUM_TX_QUEUES}, 64}, {{nla_len=8, nla_type=IFLA_GSO_MAX_SEGS}, 65535}, {{nla_len=8, nla_type=IFLA_GSO_MAX_SIZE}, 65536}, {{nla_len=8, nla_type=IFLA_NUM_RX_QUEUES}, 64}, {{nla_len=5, nla_type=IFLA_CARRIER}, 1}, {{nla_len=7, nla_type=IFLA_QDISC}, "mq"}, {{nla_len=8, nla_type=IFLA_CARRIER_CHANGES}, 2}, {{nla_len=5, nla_type=IFLA_PROTO_DOWN}, 0}, {{nla_len=8, nla_type=IFLA_CARRIER_UP_COUNT}, 1}, {{nla_len=8, nla_type=IFLA_CARRIER_DOWN_COUNT}, 1}, {{nla_len=36, nla_type=IFLA_MAP}, {mem_start=0, mem_end=0, base_addr=0, irq=0, dma=0, port=0}}, {{nla_len=10, nla_type=IFLA_ADDRESS}, "\xe4\x43\x4b\xc3\xb4\x3c"}, {{nla_len=10, nla_type=IFLA_BROADCAST}, "\xff\xff\xff\xff\xff\xff"}, {{nla_len=196, nla_type=IFLA_STATS64}, {rx_packets=11582941, tx_packets=1100555, rx_bytes=3882666456, tx_bytes=142551477, rx_errors=0, tx_errors=0, rx_dropped=234, tx_dropped=0, multicast=1199098, collisions=0, rx_length_errors=0, rx_over_errors=0, rx_crc_errors=0, rx_frame_errors=0, rx_fifo_errors=0, rx_missed_errors=0, tx_aborted_errors=0, tx_carrier_errors=0, tx_fifo_errors=0, tx_heartbeat_errors=0, tx_window_errors=0, rx_compressed=0, tx_compressed=0, rx_nohandler=0}}, {{nla_len=100, nla_type=IFLA_STATS}, {rx_packets=11582941, tx_packets=1100555, rx_bytes=3882666456, tx_bytes=142551477, rx_errors=0, tx_errors=0, rx_dropped=234, tx_dropped=0, multicast=1199098, collisions=0, rx_length_errors=0, rx_over_errors=0, rx_crc_errors=0, rx_frame_errors=0, rx_fifo_errors=0, rx_missed_errors=0, tx_aborted_errors=0, tx_carrier_errors=0, tx_fifo_errors=0, tx_heartbeat_errors=0, tx_window_errors=0, rx_compressed=0, tx_compressed=0, rx_nohandler=0}}, {{nla_len=8, nla_type=IFLA_NUM_VF}, 0}, {nla_len=4, nla_type=IFLA_VFINFO_LIST}, {{nla_len=12, nla_type=IFLA_XDP}, {{nla_len=5, nla_type=IFLA_XDP_ATTACHED}, XDP_ATTACHED_NONE}}, {{nla_len=380, nla_type=IFLA_AF_SPEC}, [{{nla_len=136, nla_type=AF_INET}, {{nla_len=132, nla_type=IFLA_INET_CONF}, [[IPV4_DEVCONF_FORWARDING-1] = 1, [IPV4_DEVCONF_MC_FORWARDING-1] = 0, [IPV4_DEVCONF_PROXY_ARP-1] = 0, [IPV4_DEVCONF_ACCEPT_REDIRECTS-1] = 0, [IPV4_DEVCONF_SECURE_REDIRECTS-1] = 1, [IPV4_DEVCONF_SEND_REDIRECTS-1] = 1, [IPV4_DEVCONF_SHARED_MEDIA-1] = 1, [IPV4_DEVCONF_RP_FILTER-1] = 2, [IPV4_DEVCONF_ACCEPT_SOURCE_ROUTE-1] = 1, [IPV4_DEVCONF_BOOTP_RELAY-1] = 0, [IPV4_DEVCONF_LOG_MARTIANS-1] = 0, [IPV4_DEVCONF_TAG-1] = 0, [IPV4_DEVCONF_ARPFILTER-1] = 0, [IPV4_DEVCONF_MEDIUM_ID-1] = 0, [IPV4_DEVCONF_NOXFRM-1] = 0, [IPV4_DEVCONF_NOPOLICY-1] = 0, [IPV4_DEVCONF_FORCE_IGMP_VERSION-1] = 0, [IPV4_DEVCONF_ARP_ANNOUNCE-1] = 0, [IPV4_DEVCONF_ARP_IGNORE-1] = 0, [IPV4_DEVCONF_PROMOTE_SECONDARIES-1] = 1, [IPV4_DEVCONF_ARP_ACCEPT-1] = 0, [IPV4_DEVCONF_ARP_NOTIFY-1] = 0, [IPV4_DEVCONF_ACCEPT_LOCAL-1] = 0, [IPV4_DEVCONF_SRC_VMARK-1] = 0, [IPV4_DEVCONF_PROXY_ARP_PVLAN-1] = 0, [IPV4_DEVCONF_ROUTE_LOCALNET-1] = 0, [IPV4_DEVCONF_IGMPV2_UNSOLICITED_REPORT_INTERVAL-1] = 10000, [IPV4_DEVCONF_IGMPV3_UNSOLICITED_REPORT_INTERVAL-1] = 1000, [IPV4_DEVCONF_IGNORE_ROUTES_WITH_LINKDOWN-1] = 0, [IPV4_DEVCONF_DROP_UNICAST_IN_L2_MULTICAST-1] = 0, [IPV4_DEVCONF_DROP_GRATUITOUS_ARP-1] = 0, [IPV4_DEVCONF_BC_FORWARDING-1] = 0]}}, {{nla_len=240, nla_type=AF_INET6}, [{{nla_len=8, nla_type=IFLA_INET6_FLAGS}, IF_READY}, {{nla_len=20, nla_type=IFLA_INET6_CACHEINFO}, {max_reasm_len=65535, tstamp=1614, reachable_time=44200, retrans_time=1000}}, {{nla_len=208, nla_type=IFLA_INET6_CONF}, [[DEVCONF_FORWARDING] = 0, [DEVCONF_HOPLIMIT] = 64, [DEVCONF_MTU6] = 1500, [DEVCONF_ACCEPT_RA] = 0, [DEVCONF_ACCEPT_REDIRECTS] = 1, [DEVCONF_AUTOCONF] = 1, [DEVCONF_DAD_TRANSMITS] = 1, [DEVCONF_RTR_SOLICITS] = -1, [DEVCONF_RTR_SOLICIT_INTERVAL] = 4000, [DEVCONF_RTR_SOLICIT_DELAY] = 1000, [DEVCONF_USE_TEMPADDR] = 0, [DEVCONF_TEMP_VALID_LFT] = 604800, [DEVCONF_TEMP_PREFERED_LFT] = 86400, [DEVCONF_REGEN_MAX_RETRY] = 3, [DEVCONF_MAX_DESYNC_FACTOR] = 600, [DEVCONF_MAX_ADDRESSES] = 16, [DEVCONF_FORCE_MLD_VERSION] = 0, [DEVCONF_ACCEPT_RA_DEFRTR] = 1, [DEVCONF_ACCEPT_RA_PINFO] = 1, [DEVCONF_ACCEPT_RA_RTR_PREF] = 1, [DEVCONF_RTR_PROBE_INTERVAL] = 60000, [DEVCONF_ACCEPT_RA_RT_INFO_MAX_PLEN] = 0, [DEVCONF_PROXY_NDP] = 0, [DEVCONF_OPTIMISTIC_DAD] = 0, [DEVCONF_ACCEPT_SOURCE_ROUTE] = 0, [DEVCONF_MC_FORWARDING] = 0, [DEVCONF_DISABLE_IPV6] = 0, [DEVCONF_ACCEPT_DAD] = 1, [DEVCONF_FORCE_TLLAO] = 0, [DEVCONF_NDISC_NOTIFY] = 0, [DEVCONF_MLDV1_UNSOLICITED_REPORT_INTERVAL] = 10000, [DEVCONF_MLDV2_UNSOLICITED_REPORT_INTERVAL] = 1000, ...]}]}]}]}, iov_len=32768}], msg_iovlen=1, msg_controllen=0, msg_flags=0}, 0) = 948
close(4)                                = 0
sendmsg(3, {msg_name={sa_family=AF_NETLINK, nl_pid=0, nl_groups=00000000}, msg_namelen=12, msg_iov=[{iov_base={{len=52, type=RTM_NEWROUTE, flags=NLM_F_REQUEST|NLM_F_ACK|NLM_F_EXCL|NLM_F_CREATE, seq=1669690078, pid=0}, {rtm_family=AF_INET, rtm_dst_len=32, rtm_src_len=0, rtm_tos=0, rtm_table=RT_TABLE_MAIN, rtm_protocol=RTPROT_BOOT, rtm_scope=RT_SCOPE_UNIVERSE, rtm_type=RTN_UNICAST, rtm_flags=0}, [{{nla_len=8, nla_type=RTA_DST}, inet_addr("10.11.11.99")}, {{nla_len=8, nla_type=RTA_GATEWAY}, inet_addr("172.20.104.1")}, {{nla_len=8, nla_type=RTA_OIF}, if_nametoindex("eno1")}]}, iov_len=52}], msg_iovlen=1, msg_controllen=0, msg_flags=0}, 0) = 52
recvmsg(3, {msg_name={sa_family=AF_NETLINK, nl_pid=0, nl_groups=00000000}, msg_namelen=12, msg_iov=[{iov_base=NULL, iov_len=0}], msg_iovlen=1, msg_controllen=0, msg_flags=MSG_TRUNC}, MSG_PEEK|MSG_TRUNC) = 36
recvmsg(3, {msg_name={sa_family=AF_NETLINK, nl_pid=0, nl_groups=00000000}, msg_namelen=12, msg_iov=[{iov_base={{len=36, type=NLMSG_ERROR, flags=NLM_F_CAPPED, seq=1669690078, pid=175155}, {error=0, msg={len=52, type=RTM_NEWROUTE, flags=NLM_F_REQUEST|NLM_F_ACK|NLM_F_EXCL|NLM_F_CREATE, seq=1669690078, pid=0}}}, iov_len=32768}], msg_iovlen=1, msg_controllen=0, msg_flags=0}, 0) = 36
exit_group(0)                           = ?
+++ exited with 0 +++