# strace --version
strace -- version 6.0
Copyright (c) 1991-2022 The strace developers <https://strace.io>.
This is free software; see the source for copying conditions.  There is NO
warranty; not even for MERCHANTABILITY or FITNESS FOR A PARTICULAR PURPOSE.

Optional features enabled: stack-trace=libunwind no-m32-mpers no-mx32-mpers


# strace ip nexthop add id 11 via 172.20.105.173 dev eno1
execve("/usr/sbin/ip", ["ip", "nexthop", "add", "id", "11", "via", "172.20.105.173", "dev", "eno1"], 0x7ffe7f4aa510 /* 18 vars */) = 0
brk(NULL)                               = 0x55cc7881b000
arch_prctl(0x3001 /* ARCH_??? */, 0x7ffd36761a80) = -1 EINVAL (Invalid argument)
access("/etc/ld.so.preload", R_OK)      = -1 ENOENT (No such file or directory)
openat(AT_FDCWD, "/etc/ld.so.cache", O_RDONLY|O_CLOEXEC) = 3
fstat(3, {st_mode=S_IFREG|0644, st_size=90170, ...}) = 0
mmap(NULL, 90170, PROT_READ, MAP_PRIVATE, 3, 0) = 0x7f31b6722000
close(3)                                = 0
openat(AT_FDCWD, "/lib/x86_64-linux-gnu/libelf.so.1", O_RDONLY|O_CLOEXEC) = 3
read(3, "\177ELF\2\1\1\0\0\0\0\0\0\0\0\0\3\0>\0\1\0\0\0\2005\0\0\0\0\0\0"..., 832) = 832
fstat(3, {st_mode=S_IFREG|0644, st_size=109200, ...}) = 0
mmap(NULL, 8192, PROT_READ|PROT_WRITE, MAP_PRIVATE|MAP_ANONYMOUS, -1, 0) = 0x7f31b6720000
mmap(NULL, 110976, PROT_READ, MAP_PRIVATE|MAP_DENYWRITE, 3, 0) = 0x7f31b6704000
mmap(0x7f31b6707000, 73728, PROT_READ|PROT_EXEC, MAP_PRIVATE|MAP_FIXED|MAP_DENYWRITE, 3, 0x3000) = 0x7f31b6707000
mmap(0x7f31b6719000, 20480, PROT_READ, MAP_PRIVATE|MAP_FIXED|MAP_DENYWRITE, 3, 0x15000) = 0x7f31b6719000
mmap(0x7f31b671e000, 8192, PROT_READ|PROT_WRITE, MAP_PRIVATE|MAP_FIXED|MAP_DENYWRITE, 3, 0x19000) = 0x7f31b671e000
close(3)                                = 0
openat(AT_FDCWD, "/lib/x86_64-linux-gnu/libmnl.so.0", O_RDONLY|O_CLOEXEC) = 3
read(3, "\177ELF\2\1\1\0\0\0\0\0\0\0\0\0\3\0>\0\1\0\0\0@\31\0\0\0\0\0\0"..., 832) = 832
fstat(3, {st_mode=S_IFREG|0644, st_size=22520, ...}) = 0
mmap(NULL, 2117648, PROT_READ|PROT_EXEC, MAP_PRIVATE|MAP_DENYWRITE, 3, 0) = 0x7f31b64fe000
mprotect(0x7f31b6503000, 2093056, PROT_NONE) = 0
mmap(0x7f31b6702000, 8192, PROT_READ|PROT_WRITE, MAP_PRIVATE|MAP_FIXED|MAP_DENYWRITE, 3, 0x4000) = 0x7f31b6702000
close(3)                                = 0
openat(AT_FDCWD, "/lib/x86_64-linux-gnu/libbsd.so.0", O_RDONLY|O_CLOEXEC) = 3
read(3, "\177ELF\2\1\1\0\0\0\0\0\0\0\0\0\3\0>\0\1\0\0\0@N\0\0\0\0\0\0"..., 832) = 832
fstat(3, {st_mode=S_IFREG|0644, st_size=96728, ...}) = 0
mmap(NULL, 102768, PROT_READ, MAP_PRIVATE|MAP_DENYWRITE, 3, 0) = 0x7f31b64e4000
mprotect(0x7f31b64e8000, 77824, PROT_NONE) = 0
mmap(0x7f31b64e8000, 61440, PROT_READ|PROT_EXEC, MAP_PRIVATE|MAP_FIXED|MAP_DENYWRITE, 3, 0x4000) = 0x7f31b64e8000
mmap(0x7f31b64f7000, 12288, PROT_READ, MAP_PRIVATE|MAP_FIXED|MAP_DENYWRITE, 3, 0x13000) = 0x7f31b64f7000
mmap(0x7f31b64fb000, 8192, PROT_READ|PROT_WRITE, MAP_PRIVATE|MAP_FIXED|MAP_DENYWRITE, 3, 0x16000) = 0x7f31b64fb000
mmap(0x7f31b64fd000, 368, PROT_READ|PROT_WRITE, MAP_PRIVATE|MAP_FIXED|MAP_ANONYMOUS, -1, 0) = 0x7f31b64fd000
close(3)                                = 0
openat(AT_FDCWD, "/lib/x86_64-linux-gnu/libcap.so.2", O_RDONLY|O_CLOEXEC) = 3
read(3, "\177ELF\2\1\1\0\0\0\0\0\0\0\0\0\3\0>\0\1\0\0\0\300#\0\0\0\0\0\0"..., 832) = 832
fstat(3, {st_mode=S_IFREG|0644, st_size=31120, ...}) = 0
mmap(NULL, 33112, PROT_READ, MAP_PRIVATE|MAP_DENYWRITE, 3, 0) = 0x7f31b64db000
mprotect(0x7f31b64dd000, 20480, PROT_NONE) = 0
mmap(0x7f31b64dd000, 12288, PROT_READ|PROT_EXEC, MAP_PRIVATE|MAP_FIXED|MAP_DENYWRITE, 3, 0x2000) = 0x7f31b64dd000
mmap(0x7f31b64e0000, 4096, PROT_READ, MAP_PRIVATE|MAP_FIXED|MAP_DENYWRITE, 3, 0x5000) = 0x7f31b64e0000
mmap(0x7f31b64e2000, 8192, PROT_READ|PROT_WRITE, MAP_PRIVATE|MAP_FIXED|MAP_DENYWRITE, 3, 0x6000) = 0x7f31b64e2000
close(3)                                = 0
openat(AT_FDCWD, "/lib/x86_64-linux-gnu/libdl.so.2", O_RDONLY|O_CLOEXEC) = 3
read(3, "\177ELF\2\1\1\0\0\0\0\0\0\0\0\0\3\0>\0\1\0\0\0 \22\0\0\0\0\0\0"..., 832) = 832
fstat(3, {st_mode=S_IFREG|0644, st_size=18848, ...}) = 0
mmap(NULL, 20752, PROT_READ, MAP_PRIVATE|MAP_DENYWRITE, 3, 0) = 0x7f31b64d5000
mmap(0x7f31b64d6000, 8192, PROT_READ|PROT_EXEC, MAP_PRIVATE|MAP_FIXED|MAP_DENYWRITE, 3, 0x1000) = 0x7f31b64d6000
mmap(0x7f31b64d8000, 4096, PROT_READ, MAP_PRIVATE|MAP_FIXED|MAP_DENYWRITE, 3, 0x3000) = 0x7f31b64d8000
mmap(0x7f31b64d9000, 8192, PROT_READ|PROT_WRITE, MAP_PRIVATE|MAP_FIXED|MAP_DENYWRITE, 3, 0x3000) = 0x7f31b64d9000
close(3)                                = 0
openat(AT_FDCWD, "/lib/x86_64-linux-gnu/libc.so.6", O_RDONLY|O_CLOEXEC) = 3
read(3, "\177ELF\2\1\1\3\0\0\0\0\0\0\0\0\3\0>\0\1\0\0\0\300A\2\0\0\0\0\0"..., 832) = 832
pread64(3, "\6\0\0\0\4\0\0\0@\0\0\0\0\0\0\0@\0\0\0\0\0\0\0@\0\0\0\0\0\0\0"..., 784, 64) = 784
pread64(3, "\4\0\0\0\20\0\0\0\5\0\0\0GNU\0\2\0\0\300\4\0\0\0\3\0\0\0\0\0\0\0", 32, 848) = 32
pread64(3, "\4\0\0\0\24\0\0\0\3\0\0\0GNU\0\30x\346\264ur\f|Q\226\236i\253-'o"..., 68, 880) = 68
fstat(3, {st_mode=S_IFREG|0755, st_size=2029592, ...}) = 0
pread64(3, "\6\0\0\0\4\0\0\0@\0\0\0\0\0\0\0@\0\0\0\0\0\0\0@\0\0\0\0\0\0\0"..., 784, 64) = 784
pread64(3, "\4\0\0\0\20\0\0\0\5\0\0\0GNU\0\2\0\0\300\4\0\0\0\3\0\0\0\0\0\0\0", 32, 848) = 32
pread64(3, "\4\0\0\0\24\0\0\0\3\0\0\0GNU\0\30x\346\264ur\f|Q\226\236i\253-'o"..., 68, 880) = 68
mmap(NULL, 2037344, PROT_READ, MAP_PRIVATE|MAP_DENYWRITE, 3, 0) = 0x7f31b62e3000
mmap(0x7f31b6305000, 1540096, PROT_READ|PROT_EXEC, MAP_PRIVATE|MAP_FIXED|MAP_DENYWRITE, 3, 0x22000) = 0x7f31b6305000
mmap(0x7f31b647d000, 319488, PROT_READ, MAP_PRIVATE|MAP_FIXED|MAP_DENYWRITE, 3, 0x19a000) = 0x7f31b647d000
mmap(0x7f31b64cb000, 24576, PROT_READ|PROT_WRITE, MAP_PRIVATE|MAP_FIXED|MAP_DENYWRITE, 3, 0x1e7000) = 0x7f31b64cb000
mmap(0x7f31b64d1000, 13920, PROT_READ|PROT_WRITE, MAP_PRIVATE|MAP_FIXED|MAP_ANONYMOUS, -1, 0) = 0x7f31b64d1000
close(3)                                = 0
openat(AT_FDCWD, "/lib/x86_64-linux-gnu/libz.so.1", O_RDONLY|O_CLOEXEC) = 3
read(3, "\177ELF\2\1\1\3\0\0\0\0\0\0\0\0\3\0>\0\1\0\0\0\200\"\0\0\0\0\0\0"..., 832) = 832
fstat(3, {st_mode=S_IFREG|0644, st_size=108936, ...}) = 0
mmap(NULL, 8192, PROT_READ|PROT_WRITE, MAP_PRIVATE|MAP_ANONYMOUS, -1, 0) = 0x7f31b62e1000
mmap(NULL, 110776, PROT_READ, MAP_PRIVATE|MAP_DENYWRITE, 3, 0) = 0x7f31b62c5000
mprotect(0x7f31b62c7000, 98304, PROT_NONE) = 0
mmap(0x7f31b62c7000, 69632, PROT_READ|PROT_EXEC, MAP_PRIVATE|MAP_FIXED|MAP_DENYWRITE, 3, 0x2000) = 0x7f31b62c7000
mmap(0x7f31b62d8000, 24576, PROT_READ, MAP_PRIVATE|MAP_FIXED|MAP_DENYWRITE, 3, 0x13000) = 0x7f31b62d8000
mmap(0x7f31b62df000, 8192, PROT_READ|PROT_WRITE, MAP_PRIVATE|MAP_FIXED|MAP_DENYWRITE, 3, 0x19000) = 0x7f31b62df000
close(3)                                = 0
mmap(NULL, 12288, PROT_READ|PROT_WRITE, MAP_PRIVATE|MAP_ANONYMOUS, -1, 0) = 0x7f31b62c2000
arch_prctl(ARCH_SET_FS, 0x7f31b62c2740) = 0
mprotect(0x7f31b64cb000, 16384, PROT_READ) = 0
mprotect(0x7f31b62df000, 4096, PROT_READ) = 0
mprotect(0x7f31b64d9000, 4096, PROT_READ) = 0
mprotect(0x7f31b64e2000, 4096, PROT_READ) = 0
mprotect(0x7f31b64fb000, 4096, PROT_READ) = 0
mprotect(0x7f31b6702000, 4096, PROT_READ) = 0
mprotect(0x7f31b671e000, 4096, PROT_READ) = 0
mprotect(0x55cc76884000, 8192, PROT_READ) = 0
mprotect(0x7f31b6766000, 4096, PROT_READ) = 0
munmap(0x7f31b6722000, 90170)           = 0
prctl(PR_CAPBSET_READ, CAP_MAC_OVERRIDE) = 1
prctl(PR_CAPBSET_READ, 0x30 /* CAP_??? */) = -1 EINVAL (Invalid argument)
prctl(PR_CAPBSET_READ, CAP_CHECKPOINT_RESTORE) = -1 EINVAL (Invalid argument)
prctl(PR_CAPBSET_READ, CAP_BLOCK_SUSPEND) = 1
prctl(PR_CAPBSET_READ, CAP_PERFMON)     = -1 EINVAL (Invalid argument)
prctl(PR_CAPBSET_READ, CAP_AUDIT_READ)  = 1
getuid()                                = 0
socket(AF_NETLINK, SOCK_RAW|SOCK_CLOEXEC, NETLINK_ROUTE) = 3
setsockopt(3, SOL_SOCKET, SO_SNDBUF, [32768], 4) = 0
setsockopt(3, SOL_SOCKET, SO_RCVBUF, [1048576], 4) = 0
setsockopt(3, SOL_NETLINK, NETLINK_EXT_ACK, [1], 4) = 0
bind(3, {sa_family=AF_NETLINK, nl_pid=0, nl_groups=00000000}, 12) = 0
getsockname(3, {sa_family=AF_NETLINK, nl_pid=210649, nl_groups=00000000}, [12]) = 0
setsockopt(3, SOL_NETLINK, NETLINK_GET_STRICT_CHK, [1], 4) = 0
socket(AF_NETLINK, SOCK_RAW|SOCK_CLOEXEC, NETLINK_ROUTE) = 4
setsockopt(4, SOL_SOCKET, SO_SNDBUF, [32768], 4) = 0
setsockopt(4, SOL_SOCKET, SO_RCVBUF, [1048576], 4) = 0
setsockopt(4, SOL_NETLINK, NETLINK_EXT_ACK, [1], 4) = 0
bind(4, {sa_family=AF_NETLINK, nl_pid=0, nl_groups=00000000}, 12) = 0
getsockname(4, {sa_family=AF_NETLINK, nl_pid=-394067181, nl_groups=00000000}, [12]) = 0
sendmsg(4, {msg_name={sa_family=AF_NETLINK, nl_pid=0, nl_groups=00000000}, msg_namelen=12, msg_iov=[{iov_base=[{nlmsg_len=52, nlmsg_type=RTM_GETLINK, nlmsg_flags=NLM_F_REQUEST, nlmsg_seq=1669695871, nlmsg_pid=0}, {ifi_family=AF_UNSPEC, ifi_type=ARPHRD_NETROM, ifi_index=0, ifi_flags=0, ifi_change=0}, [[{nla_len=8, nla_type=IFLA_EXT_MASK}, RTEXT_FILTER_VF|RTEXT_FILTER_SKIP_STATS], [{nla_len=9, nla_type=IFLA_IFNAME}, "eno1"]]], iov_len=52}], msg_iovlen=1, msg_controllen=0, msg_flags=0}, 0) = 52
recvmsg(4, {msg_name={sa_family=AF_NETLINK, nl_pid=0, nl_groups=00000000}, msg_namelen=12, msg_iov=[{iov_base=NULL, iov_len=0}], msg_iovlen=1, msg_controllen=0, msg_flags=MSG_TRUNC}, MSG_PEEK|MSG_TRUNC) = 948
brk(NULL)                               = 0x55cc7881b000
brk(0x55cc7883c000)                     = 0x55cc7883c000
recvmsg(4, {msg_name={sa_family=AF_NETLINK, nl_pid=0, nl_groups=00000000}, msg_namelen=12, msg_iov=[{iov_base=[{nlmsg_len=948, nlmsg_type=RTM_NEWLINK, nlmsg_flags=0, nlmsg_seq=1669695871, nlmsg_pid=-394067181}, {ifi_family=AF_UNSPEC, ifi_type=ARPHRD_ETHER, ifi_index=if_nametoindex("eno1"), ifi_flags=IFF_UP|IFF_BROADCAST|IFF_RUNNING|IFF_MULTICAST|IFF_LOWER_UP, ifi_change=0}, [[{nla_len=9, nla_type=IFLA_IFNAME}, "eno1"], [{nla_len=8, nla_type=IFLA_TXQLEN}, 1000], [{nla_len=5, nla_type=IFLA_OPERSTATE}, 6], [{nla_len=5, nla_type=IFLA_LINKMODE}, 0], [{nla_len=8, nla_type=IFLA_MTU}, 1500], [{nla_len=8, nla_type=IFLA_MIN_MTU}, 68], [{nla_len=8, nla_type=IFLA_MAX_MTU}, 9710], [{nla_len=8, nla_type=IFLA_GROUP}, 0], [{nla_len=8, nla_type=IFLA_PROMISCUITY}, 0], [{nla_len=8, nla_type=IFLA_NUM_TX_QUEUES}, 64], [{nla_len=8, nla_type=IFLA_GSO_MAX_SEGS}, 65535], [{nla_len=8, nla_type=IFLA_GSO_MAX_SIZE}, 65536], [{nla_len=8, nla_type=IFLA_NUM_RX_QUEUES}, 64], [{nla_len=5, nla_type=IFLA_CARRIER}, 1], [{nla_len=7, nla_type=IFLA_QDISC}, "mq"], [{nla_len=8, nla_type=IFLA_CARRIER_CHANGES}, 2], [{nla_len=5, nla_type=IFLA_PROTO_DOWN}, 0], [{nla_len=8, nla_type=IFLA_CARRIER_UP_COUNT}, 1], [{nla_len=8, nla_type=IFLA_CARRIER_DOWN_COUNT}, 1], [{nla_len=36, nla_type=IFLA_MAP}, {mem_start=0, mem_end=0, base_addr=0, irq=0, dma=0, port=0}], [{nla_len=10, nla_type=IFLA_ADDRESS}, e4:43:4b:c3:b4:3c], [{nla_len=10, nla_type=IFLA_BROADCAST}, ff:ff:ff:ff:ff:ff], [{nla_len=196, nla_type=IFLA_STATS64}, {rx_packets=11723425, tx_packets=1150802, rx_bytes=4016376284, tx_bytes=153303601, rx_errors=0, tx_errors=0, rx_dropped=234, tx_dropped=0, multicast=1202078, collisions=0, rx_length_errors=0, rx_over_errors=0, rx_crc_errors=0, rx_frame_errors=0, rx_fifo_errors=0, rx_missed_errors=0, tx_aborted_errors=0, tx_carrier_errors=0, tx_fifo_errors=0, tx_heartbeat_errors=0, tx_window_errors=0, rx_compressed=0, tx_compressed=0, rx_nohandler=0}], [{nla_len=100, nla_type=IFLA_STATS}, {rx_packets=11723425, tx_packets=1150802, rx_bytes=4016376284, tx_bytes=153303601, rx_errors=0, tx_errors=0, rx_dropped=234, tx_dropped=0, multicast=1202078, collisions=0, rx_length_errors=0, rx_over_errors=0, rx_crc_errors=0, rx_frame_errors=0, rx_fifo_errors=0, rx_missed_errors=0, tx_aborted_errors=0, tx_carrier_errors=0, tx_fifo_errors=0, tx_heartbeat_errors=0, tx_window_errors=0, rx_compressed=0, tx_compressed=0, rx_nohandler=0}], [{nla_len=8, nla_type=IFLA_NUM_VF}, 0], {nla_len=4, nla_type=IFLA_VFINFO_LIST}, [{nla_len=12, nla_type=IFLA_XDP}, [{nla_len=5, nla_type=IFLA_XDP_ATTACHED}, XDP_ATTACHED_NONE]], [{nla_len=380, nla_type=IFLA_AF_SPEC}, [[{nla_len=136, nla_type=AF_INET}, [{nla_len=132, nla_type=IFLA_INET_CONF}, [[IPV4_DEVCONF_FORWARDING-1] = 1, [IPV4_DEVCONF_MC_FORWARDING-1] = 0, [IPV4_DEVCONF_PROXY_ARP-1] = 0, [IPV4_DEVCONF_ACCEPT_REDIRECTS-1] = 0, [IPV4_DEVCONF_SECURE_REDIRECTS-1] = 1, [IPV4_DEVCONF_SEND_REDIRECTS-1] = 1, [IPV4_DEVCONF_SHARED_MEDIA-1] = 1, [IPV4_DEVCONF_RP_FILTER-1] = 2, [IPV4_DEVCONF_ACCEPT_SOURCE_ROUTE-1] = 1, [IPV4_DEVCONF_BOOTP_RELAY-1] = 0, [IPV4_DEVCONF_LOG_MARTIANS-1] = 0, [IPV4_DEVCONF_TAG-1] = 0, [IPV4_DEVCONF_ARPFILTER-1] = 0, [IPV4_DEVCONF_MEDIUM_ID-1] = 0, [IPV4_DEVCONF_NOXFRM-1] = 0, [IPV4_DEVCONF_NOPOLICY-1] = 0, [IPV4_DEVCONF_FORCE_IGMP_VERSION-1] = 0, [IPV4_DEVCONF_ARP_ANNOUNCE-1] = 0, [IPV4_DEVCONF_ARP_IGNORE-1] = 0, [IPV4_DEVCONF_PROMOTE_SECONDARIES-1] = 1, [IPV4_DEVCONF_ARP_ACCEPT-1] = 0, [IPV4_DEVCONF_ARP_NOTIFY-1] = 0, [IPV4_DEVCONF_ACCEPT_LOCAL-1] = 0, [IPV4_DEVCONF_SRC_VMARK-1] = 0, [IPV4_DEVCONF_PROXY_ARP_PVLAN-1] = 0, [IPV4_DEVCONF_ROUTE_LOCALNET-1] = 0, [IPV4_DEVCONF_IGMPV2_UNSOLICITED_REPORT_INTERVAL-1] = 10000, [IPV4_DEVCONF_IGMPV3_UNSOLICITED_REPORT_INTERVAL-1] = 1000, [IPV4_DEVCONF_IGNORE_ROUTES_WITH_LINKDOWN-1] = 0, [IPV4_DEVCONF_DROP_UNICAST_IN_L2_MULTICAST-1] = 0, [IPV4_DEVCONF_DROP_GRATUITOUS_ARP-1] = 0, [IPV4_DEVCONF_BC_FORWARDING-1] = 0]]], [{nla_len=240, nla_type=AF_INET6}, [[{nla_len=8, nla_type=IFLA_INET6_FLAGS}, IF_READY], [{nla_len=20, nla_type=IFLA_INET6_CACHEINFO}, {max_reasm_len=65535, tstamp=1614, reachable_time=15096, retrans_time=1000}], [{nla_len=208, nla_type=IFLA_INET6_CONF}, [[DEVCONF_FORWARDING] = 0, [DEVCONF_HOPLIMIT] = 64, [DEVCONF_MTU6] = 1500, [DEVCONF_ACCEPT_RA] = 0, [DEVCONF_ACCEPT_REDIRECTS] = 1, [DEVCONF_AUTOCONF] = 1, [DEVCONF_DAD_TRANSMITS] = 1, [DEVCONF_RTR_SOLICITS] = -1, [DEVCONF_RTR_SOLICIT_INTERVAL] = 4000, [DEVCONF_RTR_SOLICIT_DELAY] = 1000, [DEVCONF_USE_TEMPADDR] = 0, [DEVCONF_TEMP_VALID_LFT] = 604800, [DEVCONF_TEMP_PREFERED_LFT] = 86400, [DEVCONF_REGEN_MAX_RETRY] = 3, [DEVCONF_MAX_DESYNC_FACTOR] = 600, [DEVCONF_MAX_ADDRESSES] = 16, [DEVCONF_FORCE_MLD_VERSION] = 0, [DEVCONF_ACCEPT_RA_DEFRTR] = 1, [DEVCONF_ACCEPT_RA_PINFO] = 1, [DEVCONF_ACCEPT_RA_RTR_PREF] = 1, [DEVCONF_RTR_PROBE_INTERVAL] = 60000, [DEVCONF_ACCEPT_RA_RT_INFO_MAX_PLEN] = 0, [DEVCONF_PROXY_NDP] = 0, [DEVCONF_OPTIMISTIC_DAD] = 0, [DEVCONF_ACCEPT_SOURCE_ROUTE] = 0, [DEVCONF_MC_FORWARDING] = 0, [DEVCONF_DISABLE_IPV6] = 0, [DEVCONF_ACCEPT_DAD] = 1, [DEVCONF_FORCE_TLLAO] = 0, [DEVCONF_NDISC_NOTIFY] = 0, [DEVCONF_MLDV1_UNSOLICITED_REPORT_INTERVAL] = 10000, [DEVCONF_MLDV2_UNSOLICITED_REPORT_INTERVAL] = 1000, ...]]]]]]]], iov_len=32768}], msg_iovlen=1, msg_controllen=0, msg_flags=0}, 0) = 948
close(4)                                = 0
sendmsg(3, {msg_name={sa_family=AF_NETLINK, nl_pid=0, nl_groups=00000000}, msg_namelen=12, msg_iov=[{iov_base=[{nlmsg_len=48, nlmsg_type=RTM_NEWNEXTHOP, nlmsg_flags=NLM_F_REQUEST|NLM_F_ACK|NLM_F_EXCL|NLM_F_CREATE, nlmsg_seq=1669695871, nlmsg_pid=0}, {nh_family=AF_INET, nh_scope=RT_SCOPE_UNIVERSE, nh_protocol=RTPROT_UNSPEC, nh_flags=0}, [[{nla_len=8, nla_type=NHA_ID}, 11], [{nla_len=8, nla_type=NHA_GATEWAY}, inet_addr("172.20.105.173")], [{nla_len=8, nla_type=NHA_OIF}, if_nametoindex("eno1")]]], iov_len=48}], msg_iovlen=1, msg_controllen=0, msg_flags=0}, 0) = 48
recvmsg(3, {msg_name={sa_family=AF_NETLINK, nl_pid=0, nl_groups=00000000}, msg_namelen=12, msg_iov=[{iov_base=NULL, iov_len=0}], msg_iovlen=1, msg_controllen=0, msg_flags=MSG_TRUNC}, MSG_PEEK|MSG_TRUNC) = 68
recvmsg(3, {msg_name={sa_family=AF_NETLINK, nl_pid=0, nl_groups=00000000}, msg_namelen=12, msg_iov=[{iov_base=[{nlmsg_len=68, nlmsg_type=NLMSG_ERROR, nlmsg_flags=0, nlmsg_seq=1669695871, nlmsg_pid=210649}, {error=-EEXIST, msg=[{nlmsg_len=48, nlmsg_type=RTM_NEWNEXTHOP, nlmsg_flags=NLM_F_REQUEST|NLM_F_ACK|NLM_F_EXCL|NLM_F_CREATE, nlmsg_seq=1669695871, nlmsg_pid=0}, {nh_family=AF_INET, nh_scope=RT_SCOPE_UNIVERSE, nh_protocol=RTPROT_UNSPEC, nh_flags=0}, [[{nla_len=8, nla_type=NHA_ID}, 11], [{nla_len=8, nla_type=NHA_GATEWAY}, inet_addr("172.20.105.173")], [{nla_len=8, nla_type=NHA_OIF}, if_nametoindex("eno1")]]]}], iov_len=32768}], msg_iovlen=1, msg_controllen=0, msg_flags=0}, 0) = 68
write(2, "RTNETLINK answers: File exists\n", 31RTNETLINK answers: File exists
) = 31
exit_group(2)                           = ?
+++ exited with 2 +++


# strace ip route add 10.11.12.13/32 nhid 11
execve("/usr/sbin/ip", ["ip", "route", "add", "10.11.12.13/32", "nhid", "11"], 0x7ffca9584048 /* 18 vars */) = 0
brk(NULL)                               = 0x55cda9ef2000
arch_prctl(0x3001 /* ARCH_??? */, 0x7fff50c294c0) = -1 EINVAL (Invalid argument)
access("/etc/ld.so.preload", R_OK)      = -1 ENOENT (No such file or directory)
openat(AT_FDCWD, "/etc/ld.so.cache", O_RDONLY|O_CLOEXEC) = 3
fstat(3, {st_mode=S_IFREG|0644, st_size=90170, ...}) = 0
mmap(NULL, 90170, PROT_READ, MAP_PRIVATE, 3, 0) = 0x7eff3c5ac000
close(3)                                = 0
openat(AT_FDCWD, "/lib/x86_64-linux-gnu/libelf.so.1", O_RDONLY|O_CLOEXEC) = 3
read(3, "\177ELF\2\1\1\0\0\0\0\0\0\0\0\0\3\0>\0\1\0\0\0\2005\0\0\0\0\0\0"..., 832) = 832
fstat(3, {st_mode=S_IFREG|0644, st_size=109200, ...}) = 0
mmap(NULL, 8192, PROT_READ|PROT_WRITE, MAP_PRIVATE|MAP_ANONYMOUS, -1, 0) = 0x7eff3c5aa000
mmap(NULL, 110976, PROT_READ, MAP_PRIVATE|MAP_DENYWRITE, 3, 0) = 0x7eff3c58e000
mmap(0x7eff3c591000, 73728, PROT_READ|PROT_EXEC, MAP_PRIVATE|MAP_FIXED|MAP_DENYWRITE, 3, 0x3000) = 0x7eff3c591000
mmap(0x7eff3c5a3000, 20480, PROT_READ, MAP_PRIVATE|MAP_FIXED|MAP_DENYWRITE, 3, 0x15000) = 0x7eff3c5a3000
mmap(0x7eff3c5a8000, 8192, PROT_READ|PROT_WRITE, MAP_PRIVATE|MAP_FIXED|MAP_DENYWRITE, 3, 0x19000) = 0x7eff3c5a8000
close(3)                                = 0
openat(AT_FDCWD, "/lib/x86_64-linux-gnu/libmnl.so.0", O_RDONLY|O_CLOEXEC) = 3
read(3, "\177ELF\2\1\1\0\0\0\0\0\0\0\0\0\3\0>\0\1\0\0\0@\31\0\0\0\0\0\0"..., 832) = 832
fstat(3, {st_mode=S_IFREG|0644, st_size=22520, ...}) = 0
mmap(NULL, 2117648, PROT_READ|PROT_EXEC, MAP_PRIVATE|MAP_DENYWRITE, 3, 0) = 0x7eff3c388000
mprotect(0x7eff3c38d000, 2093056, PROT_NONE) = 0
mmap(0x7eff3c58c000, 8192, PROT_READ|PROT_WRITE, MAP_PRIVATE|MAP_FIXED|MAP_DENYWRITE, 3, 0x4000) = 0x7eff3c58c000
close(3)                                = 0
openat(AT_FDCWD, "/lib/x86_64-linux-gnu/libbsd.so.0", O_RDONLY|O_CLOEXEC) = 3
read(3, "\177ELF\2\1\1\0\0\0\0\0\0\0\0\0\3\0>\0\1\0\0\0@N\0\0\0\0\0\0"..., 832) = 832
fstat(3, {st_mode=S_IFREG|0644, st_size=96728, ...}) = 0
mmap(NULL, 102768, PROT_READ, MAP_PRIVATE|MAP_DENYWRITE, 3, 0) = 0x7eff3c36e000
mprotect(0x7eff3c372000, 77824, PROT_NONE) = 0
mmap(0x7eff3c372000, 61440, PROT_READ|PROT_EXEC, MAP_PRIVATE|MAP_FIXED|MAP_DENYWRITE, 3, 0x4000) = 0x7eff3c372000
mmap(0x7eff3c381000, 12288, PROT_READ, MAP_PRIVATE|MAP_FIXED|MAP_DENYWRITE, 3, 0x13000) = 0x7eff3c381000
mmap(0x7eff3c385000, 8192, PROT_READ|PROT_WRITE, MAP_PRIVATE|MAP_FIXED|MAP_DENYWRITE, 3, 0x16000) = 0x7eff3c385000
mmap(0x7eff3c387000, 368, PROT_READ|PROT_WRITE, MAP_PRIVATE|MAP_FIXED|MAP_ANONYMOUS, -1, 0) = 0x7eff3c387000
close(3)                                = 0
openat(AT_FDCWD, "/lib/x86_64-linux-gnu/libcap.so.2", O_RDONLY|O_CLOEXEC) = 3
read(3, "\177ELF\2\1\1\0\0\0\0\0\0\0\0\0\3\0>\0\1\0\0\0\300#\0\0\0\0\0\0"..., 832) = 832
fstat(3, {st_mode=S_IFREG|0644, st_size=31120, ...}) = 0
mmap(NULL, 33112, PROT_READ, MAP_PRIVATE|MAP_DENYWRITE, 3, 0) = 0x7eff3c365000
mprotect(0x7eff3c367000, 20480, PROT_NONE) = 0
mmap(0x7eff3c367000, 12288, PROT_READ|PROT_EXEC, MAP_PRIVATE|MAP_FIXED|MAP_DENYWRITE, 3, 0x2000) = 0x7eff3c367000
mmap(0x7eff3c36a000, 4096, PROT_READ, MAP_PRIVATE|MAP_FIXED|MAP_DENYWRITE, 3, 0x5000) = 0x7eff3c36a000
mmap(0x7eff3c36c000, 8192, PROT_READ|PROT_WRITE, MAP_PRIVATE|MAP_FIXED|MAP_DENYWRITE, 3, 0x6000) = 0x7eff3c36c000
close(3)                                = 0
openat(AT_FDCWD, "/lib/x86_64-linux-gnu/libdl.so.2", O_RDONLY|O_CLOEXEC) = 3
read(3, "\177ELF\2\1\1\0\0\0\0\0\0\0\0\0\3\0>\0\1\0\0\0 \22\0\0\0\0\0\0"..., 832) = 832
fstat(3, {st_mode=S_IFREG|0644, st_size=18848, ...}) = 0
mmap(NULL, 20752, PROT_READ, MAP_PRIVATE|MAP_DENYWRITE, 3, 0) = 0x7eff3c35f000
mmap(0x7eff3c360000, 8192, PROT_READ|PROT_EXEC, MAP_PRIVATE|MAP_FIXED|MAP_DENYWRITE, 3, 0x1000) = 0x7eff3c360000
mmap(0x7eff3c362000, 4096, PROT_READ, MAP_PRIVATE|MAP_FIXED|MAP_DENYWRITE, 3, 0x3000) = 0x7eff3c362000
mmap(0x7eff3c363000, 8192, PROT_READ|PROT_WRITE, MAP_PRIVATE|MAP_FIXED|MAP_DENYWRITE, 3, 0x3000) = 0x7eff3c363000
close(3)                                = 0
openat(AT_FDCWD, "/lib/x86_64-linux-gnu/libc.so.6", O_RDONLY|O_CLOEXEC) = 3
read(3, "\177ELF\2\1\1\3\0\0\0\0\0\0\0\0\3\0>\0\1\0\0\0\300A\2\0\0\0\0\0"..., 832) = 832
pread64(3, "\6\0\0\0\4\0\0\0@\0\0\0\0\0\0\0@\0\0\0\0\0\0\0@\0\0\0\0\0\0\0"..., 784, 64) = 784
pread64(3, "\4\0\0\0\20\0\0\0\5\0\0\0GNU\0\2\0\0\300\4\0\0\0\3\0\0\0\0\0\0\0", 32, 848) = 32
pread64(3, "\4\0\0\0\24\0\0\0\3\0\0\0GNU\0\30x\346\264ur\f|Q\226\236i\253-'o"..., 68, 880) = 68
fstat(3, {st_mode=S_IFREG|0755, st_size=2029592, ...}) = 0
pread64(3, "\6\0\0\0\4\0\0\0@\0\0\0\0\0\0\0@\0\0\0\0\0\0\0@\0\0\0\0\0\0\0"..., 784, 64) = 784
pread64(3, "\4\0\0\0\20\0\0\0\5\0\0\0GNU\0\2\0\0\300\4\0\0\0\3\0\0\0\0\0\0\0", 32, 848) = 32
pread64(3, "\4\0\0\0\24\0\0\0\3\0\0\0GNU\0\30x\346\264ur\f|Q\226\236i\253-'o"..., 68, 880) = 68
mmap(NULL, 2037344, PROT_READ, MAP_PRIVATE|MAP_DENYWRITE, 3, 0) = 0x7eff3c16d000
mmap(0x7eff3c18f000, 1540096, PROT_READ|PROT_EXEC, MAP_PRIVATE|MAP_FIXED|MAP_DENYWRITE, 3, 0x22000) = 0x7eff3c18f000
mmap(0x7eff3c307000, 319488, PROT_READ, MAP_PRIVATE|MAP_FIXED|MAP_DENYWRITE, 3, 0x19a000) = 0x7eff3c307000
mmap(0x7eff3c355000, 24576, PROT_READ|PROT_WRITE, MAP_PRIVATE|MAP_FIXED|MAP_DENYWRITE, 3, 0x1e7000) = 0x7eff3c355000
mmap(0x7eff3c35b000, 13920, PROT_READ|PROT_WRITE, MAP_PRIVATE|MAP_FIXED|MAP_ANONYMOUS, -1, 0) = 0x7eff3c35b000
close(3)                                = 0
openat(AT_FDCWD, "/lib/x86_64-linux-gnu/libz.so.1", O_RDONLY|O_CLOEXEC) = 3
read(3, "\177ELF\2\1\1\3\0\0\0\0\0\0\0\0\3\0>\0\1\0\0\0\200\"\0\0\0\0\0\0"..., 832) = 832
fstat(3, {st_mode=S_IFREG|0644, st_size=108936, ...}) = 0
mmap(NULL, 8192, PROT_READ|PROT_WRITE, MAP_PRIVATE|MAP_ANONYMOUS, -1, 0) = 0x7eff3c16b000
mmap(NULL, 110776, PROT_READ, MAP_PRIVATE|MAP_DENYWRITE, 3, 0) = 0x7eff3c14f000
mprotect(0x7eff3c151000, 98304, PROT_NONE) = 0
mmap(0x7eff3c151000, 69632, PROT_READ|PROT_EXEC, MAP_PRIVATE|MAP_FIXED|MAP_DENYWRITE, 3, 0x2000) = 0x7eff3c151000
mmap(0x7eff3c162000, 24576, PROT_READ, MAP_PRIVATE|MAP_FIXED|MAP_DENYWRITE, 3, 0x13000) = 0x7eff3c162000
mmap(0x7eff3c169000, 8192, PROT_READ|PROT_WRITE, MAP_PRIVATE|MAP_FIXED|MAP_DENYWRITE, 3, 0x19000) = 0x7eff3c169000
close(3)                                = 0
mmap(NULL, 12288, PROT_READ|PROT_WRITE, MAP_PRIVATE|MAP_ANONYMOUS, -1, 0) = 0x7eff3c14c000
arch_prctl(ARCH_SET_FS, 0x7eff3c14c740) = 0
mprotect(0x7eff3c355000, 16384, PROT_READ) = 0
mprotect(0x7eff3c169000, 4096, PROT_READ) = 0
mprotect(0x7eff3c363000, 4096, PROT_READ) = 0
mprotect(0x7eff3c36c000, 4096, PROT_READ) = 0
mprotect(0x7eff3c385000, 4096, PROT_READ) = 0
mprotect(0x7eff3c58c000, 4096, PROT_READ) = 0
mprotect(0x7eff3c5a8000, 4096, PROT_READ) = 0
mprotect(0x55cda98ae000, 8192, PROT_READ) = 0
mprotect(0x7eff3c5f0000, 4096, PROT_READ) = 0
munmap(0x7eff3c5ac000, 90170)           = 0
prctl(PR_CAPBSET_READ, CAP_MAC_OVERRIDE) = 1
prctl(PR_CAPBSET_READ, 0x30 /* CAP_??? */) = -1 EINVAL (Invalid argument)
prctl(PR_CAPBSET_READ, CAP_CHECKPOINT_RESTORE) = -1 EINVAL (Invalid argument)
prctl(PR_CAPBSET_READ, CAP_BLOCK_SUSPEND) = 1
prctl(PR_CAPBSET_READ, CAP_PERFMON)     = -1 EINVAL (Invalid argument)
prctl(PR_CAPBSET_READ, CAP_AUDIT_READ)  = 1
getuid()                                = 0
socket(AF_NETLINK, SOCK_RAW|SOCK_CLOEXEC, NETLINK_ROUTE) = 3
setsockopt(3, SOL_SOCKET, SO_SNDBUF, [32768], 4) = 0
setsockopt(3, SOL_SOCKET, SO_RCVBUF, [1048576], 4) = 0
setsockopt(3, SOL_NETLINK, NETLINK_EXT_ACK, [1], 4) = 0
bind(3, {sa_family=AF_NETLINK, nl_pid=0, nl_groups=00000000}, 12) = 0
getsockname(3, {sa_family=AF_NETLINK, nl_pid=214121, nl_groups=00000000}, [12]) = 0
setsockopt(3, SOL_NETLINK, NETLINK_GET_STRICT_CHK, [1], 4) = 0
sendmsg(3, {msg_name={sa_family=AF_NETLINK, nl_pid=0, nl_groups=00000000}, msg_namelen=12, msg_iov=[{iov_base=[{nlmsg_len=44, nlmsg_type=RTM_NEWROUTE, nlmsg_flags=NLM_F_REQUEST|NLM_F_ACK|NLM_F_EXCL|NLM_F_CREATE, nlmsg_seq=1669710575, nlmsg_pid=0}, {rtm_family=AF_INET, rtm_dst_len=32, rtm_src_len=0, rtm_tos=0, rtm_table=RT_TABLE_MAIN, rtm_protocol=RTPROT_BOOT, rtm_scope=RT_SCOPE_UNIVERSE, rtm_type=RTN_UNICAST, rtm_flags=0}, [[{nla_len=8, nla_type=RTA_DST}, inet_addr("10.11.12.13")], [{nla_len=8, nla_type=RTA_NH_ID}, "\x0b\x00\x00\x00"]]], iov_len=44}], msg_iovlen=1, msg_controllen=0, msg_flags=0}, 0) = 44
recvmsg(3, {msg_name={sa_family=AF_NETLINK, nl_pid=0, nl_groups=00000000}, msg_namelen=12, msg_iov=[{iov_base=NULL, iov_len=0}], msg_iovlen=1, msg_controllen=0, msg_flags=MSG_TRUNC}, MSG_PEEK|MSG_TRUNC) = 64
brk(NULL)                               = 0x55cda9ef2000
brk(0x55cda9f13000)                     = 0x55cda9f13000
recvmsg(3, {msg_name={sa_family=AF_NETLINK, nl_pid=0, nl_groups=00000000}, msg_namelen=12, msg_iov=[{iov_base=[{nlmsg_len=64, nlmsg_type=NLMSG_ERROR, nlmsg_flags=0, nlmsg_seq=1669710575, nlmsg_pid=214121}, {error=-EEXIST, msg=[{nlmsg_len=44, nlmsg_type=RTM_NEWROUTE, nlmsg_flags=NLM_F_REQUEST|NLM_F_ACK|NLM_F_EXCL|NLM_F_CREATE, nlmsg_seq=1669710575, nlmsg_pid=0}, {rtm_family=AF_INET, rtm_dst_len=32, rtm_src_len=0, rtm_tos=0, rtm_table=RT_TABLE_MAIN, rtm_protocol=RTPROT_BOOT, rtm_scope=RT_SCOPE_UNIVERSE, rtm_type=RTN_UNICAST, rtm_flags=0}, [[{nla_len=8, nla_type=RTA_DST}, inet_addr("10.11.12.13")], [{nla_len=8, nla_type=RTA_NH_ID}, "\x0b\x00\x00\x00"]]]}], iov_len=32768}], msg_iovlen=1, msg_controllen=0, msg_flags=0}, 0) = 64
write(2, "RTNETLINK answers: File exists\n", 31RTNETLINK answers: File exists
) = 31
exit_group(2)                           = ?
+++ exited with 2 +++
