# strace ip nexthop add id 1 via 172.20.105.172 dev eno1
execve("/usr/sbin/ip", ["ip", "nexthop", "add", "id", "1", "via", "172.20.105.172", "dev", "eno1"], 0x7ffd542659d0 /* 18 vars */) = 0
brk(NULL)                               = 0x5639c76b0000
arch_prctl(0x3001 /* ARCH_??? */, 0x7fffdf49b6a0) = -1 EINVAL (Invalid argument)
access("/etc/ld.so.preload", R_OK)      = -1 ENOENT (No such file or directory)
openat(AT_FDCWD, "/etc/ld.so.cache", O_RDONLY|O_CLOEXEC) = 3
fstat(3, {st_mode=S_IFREG|0644, st_size=90170, ...}) = 0
mmap(NULL, 90170, PROT_READ, MAP_PRIVATE, 3, 0) = 0x7f96e142d000
close(3)                                = 0
openat(AT_FDCWD, "/lib/x86_64-linux-gnu/libelf.so.1", O_RDONLY|O_CLOEXEC) = 3
read(3, "\177ELF\2\1\1\0\0\0\0\0\0\0\0\0\3\0>\0\1\0\0\0\2005\0\0\0\0\0\0"..., 832) = 832
fstat(3, {st_mode=S_IFREG|0644, st_size=109200, ...}) = 0
mmap(NULL, 8192, PROT_READ|PROT_WRITE, MAP_PRIVATE|MAP_ANONYMOUS, -1, 0) = 0x7f96e142b000
mmap(NULL, 110976, PROT_READ, MAP_PRIVATE|MAP_DENYWRITE, 3, 0) = 0x7f96e140f000
mmap(0x7f96e1412000, 73728, PROT_READ|PROT_EXEC, MAP_PRIVATE|MAP_FIXED|MAP_DENYWRITE, 3, 0x3000) = 0x7f96e1412000
mmap(0x7f96e1424000, 20480, PROT_READ, MAP_PRIVATE|MAP_FIXED|MAP_DENYWRITE, 3, 0x15000) = 0x7f96e1424000
mmap(0x7f96e1429000, 8192, PROT_READ|PROT_WRITE, MAP_PRIVATE|MAP_FIXED|MAP_DENYWRITE, 3, 0x19000) = 0x7f96e1429000
close(3)                                = 0
openat(AT_FDCWD, "/lib/x86_64-linux-gnu/libmnl.so.0", O_RDONLY|O_CLOEXEC) = 3
read(3, "\177ELF\2\1\1\0\0\0\0\0\0\0\0\0\3\0>\0\1\0\0\0@\31\0\0\0\0\0\0"..., 832) = 832
fstat(3, {st_mode=S_IFREG|0644, st_size=22520, ...}) = 0
mmap(NULL, 2117648, PROT_READ|PROT_EXEC, MAP_PRIVATE|MAP_DENYWRITE, 3, 0) = 0x7f96e1209000
mprotect(0x7f96e120e000, 2093056, PROT_NONE) = 0
mmap(0x7f96e140d000, 8192, PROT_READ|PROT_WRITE, MAP_PRIVATE|MAP_FIXED|MAP_DENYWRITE, 3, 0x4000) = 0x7f96e140d000
close(3)                                = 0
openat(AT_FDCWD, "/lib/x86_64-linux-gnu/libbsd.so.0", O_RDONLY|O_CLOEXEC) = 3
read(3, "\177ELF\2\1\1\0\0\0\0\0\0\0\0\0\3\0>\0\1\0\0\0@N\0\0\0\0\0\0"..., 832) = 832
fstat(3, {st_mode=S_IFREG|0644, st_size=96728, ...}) = 0
mmap(NULL, 102768, PROT_READ, MAP_PRIVATE|MAP_DENYWRITE, 3, 0) = 0x7f96e11ef000
mprotect(0x7f96e11f3000, 77824, PROT_NONE) = 0
mmap(0x7f96e11f3000, 61440, PROT_READ|PROT_EXEC, MAP_PRIVATE|MAP_FIXED|MAP_DENYWRITE, 3, 0x4000) = 0x7f96e11f3000
mmap(0x7f96e1202000, 12288, PROT_READ, MAP_PRIVATE|MAP_FIXED|MAP_DENYWRITE, 3, 0x13000) = 0x7f96e1202000
mmap(0x7f96e1206000, 8192, PROT_READ|PROT_WRITE, MAP_PRIVATE|MAP_FIXED|MAP_DENYWRITE, 3, 0x16000) = 0x7f96e1206000
mmap(0x7f96e1208000, 368, PROT_READ|PROT_WRITE, MAP_PRIVATE|MAP_FIXED|MAP_ANONYMOUS, -1, 0) = 0x7f96e1208000
close(3)                                = 0
openat(AT_FDCWD, "/lib/x86_64-linux-gnu/libcap.so.2", O_RDONLY|O_CLOEXEC) = 3
read(3, "\177ELF\2\1\1\0\0\0\0\0\0\0\0\0\3\0>\0\1\0\0\0\300#\0\0\0\0\0\0"..., 832) = 832
fstat(3, {st_mode=S_IFREG|0644, st_size=31120, ...}) = 0
mmap(NULL, 33112, PROT_READ, MAP_PRIVATE|MAP_DENYWRITE, 3, 0) = 0x7f96e11e6000
mprotect(0x7f96e11e8000, 20480, PROT_NONE) = 0
mmap(0x7f96e11e8000, 12288, PROT_READ|PROT_EXEC, MAP_PRIVATE|MAP_FIXED|MAP_DENYWRITE, 3, 0x2000) = 0x7f96e11e8000
mmap(0x7f96e11eb000, 4096, PROT_READ, MAP_PRIVATE|MAP_FIXED|MAP_DENYWRITE, 3, 0x5000) = 0x7f96e11eb000
mmap(0x7f96e11ed000, 8192, PROT_READ|PROT_WRITE, MAP_PRIVATE|MAP_FIXED|MAP_DENYWRITE, 3, 0x6000) = 0x7f96e11ed000
close(3)                                = 0
openat(AT_FDCWD, "/lib/x86_64-linux-gnu/libdl.so.2", O_RDONLY|O_CLOEXEC) = 3
read(3, "\177ELF\2\1\1\0\0\0\0\0\0\0\0\0\3\0>\0\1\0\0\0 \22\0\0\0\0\0\0"..., 832) = 832
fstat(3, {st_mode=S_IFREG|0644, st_size=18848, ...}) = 0
mmap(NULL, 20752, PROT_READ, MAP_PRIVATE|MAP_DENYWRITE, 3, 0) = 0x7f96e11e0000
mmap(0x7f96e11e1000, 8192, PROT_READ|PROT_EXEC, MAP_PRIVATE|MAP_FIXED|MAP_DENYWRITE, 3, 0x1000) = 0x7f96e11e1000
mmap(0x7f96e11e3000, 4096, PROT_READ, MAP_PRIVATE|MAP_FIXED|MAP_DENYWRITE, 3, 0x3000) = 0x7f96e11e3000
mmap(0x7f96e11e4000, 8192, PROT_READ|PROT_WRITE, MAP_PRIVATE|MAP_FIXED|MAP_DENYWRITE, 3, 0x3000) = 0x7f96e11e4000
close(3)                                = 0
openat(AT_FDCWD, "/lib/x86_64-linux-gnu/libc.so.6", O_RDONLY|O_CLOEXEC) = 3
read(3, "\177ELF\2\1\1\3\0\0\0\0\0\0\0\0\3\0>\0\1\0\0\0\300A\2\0\0\0\0\0"..., 832) = 832
pread64(3, "\6\0\0\0\4\0\0\0@\0\0\0\0\0\0\0@\0\0\0\0\0\0\0@\0\0\0\0\0\0\0"..., 784, 64) = 784
pread64(3, "\4\0\0\0\20\0\0\0\5\0\0\0GNU\0\2\0\0\300\4\0\0\0\3\0\0\0\0\0\0\0", 32, 848) = 32
pread64(3, "\4\0\0\0\24\0\0\0\3\0\0\0GNU\0\30x\346\264ur\f|Q\226\236i\253-'o"..., 68, 880) = 68
fstat(3, {st_mode=S_IFREG|0755, st_size=2029592, ...}) = 0
pread64(3, "\6\0\0\0\4\0\0\0@\0\0\0\0\0\0\0@\0\0\0\0\0\0\0@\0\0\0\0\0\0\0"..., 784, 64) = 784
pread64(3, "\4\0\0\0\20\0\0\0\5\0\0\0GNU\0\2\0\0\300\4\0\0\0\3\0\0\0\0\0\0\0", 32, 848) = 32
pread64(3, "\4\0\0\0\24\0\0\0\3\0\0\0GNU\0\30x\346\264ur\f|Q\226\236i\253-'o"..., 68, 880) = 68
mmap(NULL, 2037344, PROT_READ, MAP_PRIVATE|MAP_DENYWRITE, 3, 0) = 0x7f96e0fee000
mmap(0x7f96e1010000, 1540096, PROT_READ|PROT_EXEC, MAP_PRIVATE|MAP_FIXED|MAP_DENYWRITE, 3, 0x22000) = 0x7f96e1010000
mmap(0x7f96e1188000, 319488, PROT_READ, MAP_PRIVATE|MAP_FIXED|MAP_DENYWRITE, 3, 0x19a000) = 0x7f96e1188000
mmap(0x7f96e11d6000, 24576, PROT_READ|PROT_WRITE, MAP_PRIVATE|MAP_FIXED|MAP_DENYWRITE, 3, 0x1e7000) = 0x7f96e11d6000
mmap(0x7f96e11dc000, 13920, PROT_READ|PROT_WRITE, MAP_PRIVATE|MAP_FIXED|MAP_ANONYMOUS, -1, 0) = 0x7f96e11dc000
close(3)                                = 0
openat(AT_FDCWD, "/lib/x86_64-linux-gnu/libz.so.1", O_RDONLY|O_CLOEXEC) = 3
read(3, "\177ELF\2\1\1\3\0\0\0\0\0\0\0\0\3\0>\0\1\0\0\0\200\"\0\0\0\0\0\0"..., 832) = 832
fstat(3, {st_mode=S_IFREG|0644, st_size=108936, ...}) = 0
mmap(NULL, 8192, PROT_READ|PROT_WRITE, MAP_PRIVATE|MAP_ANONYMOUS, -1, 0) = 0x7f96e0fec000
mmap(NULL, 110776, PROT_READ, MAP_PRIVATE|MAP_DENYWRITE, 3, 0) = 0x7f96e0fd0000
mprotect(0x7f96e0fd2000, 98304, PROT_NONE) = 0
mmap(0x7f96e0fd2000, 69632, PROT_READ|PROT_EXEC, MAP_PRIVATE|MAP_FIXED|MAP_DENYWRITE, 3, 0x2000) = 0x7f96e0fd2000
mmap(0x7f96e0fe3000, 24576, PROT_READ, MAP_PRIVATE|MAP_FIXED|MAP_DENYWRITE, 3, 0x13000) = 0x7f96e0fe3000
mmap(0x7f96e0fea000, 8192, PROT_READ|PROT_WRITE, MAP_PRIVATE|MAP_FIXED|MAP_DENYWRITE, 3, 0x19000) = 0x7f96e0fea000
close(3)                                = 0
mmap(NULL, 12288, PROT_READ|PROT_WRITE, MAP_PRIVATE|MAP_ANONYMOUS, -1, 0) = 0x7f96e0fcd000
arch_prctl(ARCH_SET_FS, 0x7f96e0fcd740) = 0
mprotect(0x7f96e11d6000, 16384, PROT_READ) = 0
mprotect(0x7f96e0fea000, 4096, PROT_READ) = 0
mprotect(0x7f96e11e4000, 4096, PROT_READ) = 0
mprotect(0x7f96e11ed000, 4096, PROT_READ) = 0
mprotect(0x7f96e1206000, 4096, PROT_READ) = 0
mprotect(0x7f96e140d000, 4096, PROT_READ) = 0
mprotect(0x7f96e1429000, 4096, PROT_READ) = 0
mprotect(0x5639c657e000, 8192, PROT_READ) = 0
mprotect(0x7f96e1471000, 4096, PROT_READ) = 0
munmap(0x7f96e142d000, 90170)           = 0
prctl(PR_CAPBSET_READ, CAP_MAC_OVERRIDE) = 1
prctl(PR_CAPBSET_READ, 0x30 /* CAP_??? */) = -1 EINVAL (Invalid argument)
prctl(PR_CAPBSET_READ, CAP_CHECKPOINT_RESTORE) = -1 EINVAL (Invalid argument)
prctl(PR_CAPBSET_READ, CAP_BLOCK_SUSPEND) = 1
prctl(PR_CAPBSET_READ, CAP_PERFMON)     = -1 EINVAL (Invalid argument)
prctl(PR_CAPBSET_READ, CAP_AUDIT_READ)  = 1
getuid()                                = 0
socket(AF_NETLINK, SOCK_RAW|SOCK_CLOEXEC, NETLINK_ROUTE) = 3
setsockopt(3, SOL_SOCKET, SO_SNDBUF, [32768], 4) = 0
setsockopt(3, SOL_SOCKET, SO_RCVBUF, [1048576], 4) = 0
setsockopt(3, SOL_NETLINK, NETLINK_EXT_ACK, [1], 4) = 0
bind(3, {sa_family=AF_NETLINK, nl_pid=0, nl_groups=00000000}, 12) = 0
getsockname(3, {sa_family=AF_NETLINK, nl_pid=214358, nl_groups=00000000}, [12]) = 0
setsockopt(3, SOL_NETLINK, NETLINK_GET_STRICT_CHK, [1], 4) = 0
socket(AF_NETLINK, SOCK_RAW|SOCK_CLOEXEC, NETLINK_ROUTE) = 4
setsockopt(4, SOL_SOCKET, SO_SNDBUF, [32768], 4) = 0
setsockopt(4, SOL_SOCKET, SO_RCVBUF, [1048576], 4) = 0
setsockopt(4, SOL_NETLINK, NETLINK_EXT_ACK, [1], 4) = 0
bind(4, {sa_family=AF_NETLINK, nl_pid=0, nl_groups=00000000}, 12) = 0
getsockname(4, {sa_family=AF_NETLINK, nl_pid=-898373483, nl_groups=00000000}, [12]) = 0
sendmsg(4, {msg_name={sa_family=AF_NETLINK, nl_pid=0, nl_groups=00000000}, msg_namelen=12, msg_iov=[{iov_base=[{nlmsg_len=52, nlmsg_type=RTM_GETLINK, nlmsg_flags=NLM_F_REQUEST, nlmsg_seq=1669711458, nlmsg_pid=0}, {ifi_family=AF_UNSPEC, ifi_type=ARPHRD_NETROM, ifi_index=0, ifi_flags=0, ifi_change=0}, [[{nla_len=8, nla_type=IFLA_EXT_MASK}, RTEXT_FILTER_VF|RTEXT_FILTER_SKIP_STATS], [{nla_len=9, nla_type=IFLA_IFNAME}, "eno1"]]], iov_len=52}], msg_iovlen=1, msg_controllen=0, msg_flags=0}, 0) = 52
recvmsg(4, {msg_name={sa_family=AF_NETLINK, nl_pid=0, nl_groups=00000000}, msg_namelen=12, msg_iov=[{iov_base=NULL, iov_len=0}], msg_iovlen=1, msg_controllen=0, msg_flags=MSG_TRUNC}, MSG_PEEK|MSG_TRUNC) = 948
brk(NULL)                               = 0x5639c76b0000
brk(0x5639c76d1000)                     = 0x5639c76d1000
recvmsg(4, {msg_name={sa_family=AF_NETLINK, nl_pid=0, nl_groups=00000000}, msg_namelen=12, msg_iov=[{iov_base=[{nlmsg_len=948, nlmsg_type=RTM_NEWLINK, nlmsg_flags=0, nlmsg_seq=1669711458, nlmsg_pid=-898373483}, {ifi_family=AF_UNSPEC, ifi_type=ARPHRD_ETHER, ifi_index=if_nametoindex("eno1"), ifi_flags=IFF_UP|IFF_BROADCAST|IFF_RUNNING|IFF_MULTICAST|IFF_LOWER_UP, ifi_change=0}, [[{nla_len=9, nla_type=IFLA_IFNAME}, "eno1"], [{nla_len=8, nla_type=IFLA_TXQLEN}, 1000], [{nla_len=5, nla_type=IFLA_OPERSTATE}, 6], [{nla_len=5, nla_type=IFLA_LINKMODE}, 0], [{nla_len=8, nla_type=IFLA_MTU}, 1500], [{nla_len=8, nla_type=IFLA_MIN_MTU}, 68], [{nla_len=8, nla_type=IFLA_MAX_MTU}, 9710], [{nla_len=8, nla_type=IFLA_GROUP}, 0], [{nla_len=8, nla_type=IFLA_PROMISCUITY}, 0], [{nla_len=8, nla_type=IFLA_NUM_TX_QUEUES}, 64], [{nla_len=8, nla_type=IFLA_GSO_MAX_SEGS}, 65535], [{nla_len=8, nla_type=IFLA_GSO_MAX_SIZE}, 65536], [{nla_len=8, nla_type=IFLA_NUM_RX_QUEUES}, 64], [{nla_len=5, nla_type=IFLA_CARRIER}, 1], [{nla_len=7, nla_type=IFLA_QDISC}, "mq"], [{nla_len=8, nla_type=IFLA_CARRIER_CHANGES}, 2], [{nla_len=5, nla_type=IFLA_PROTO_DOWN}, 0], [{nla_len=8, nla_type=IFLA_CARRIER_UP_COUNT}, 1], [{nla_len=8, nla_type=IFLA_CARRIER_DOWN_COUNT}, 1], [{nla_len=36, nla_type=IFLA_MAP}, {mem_start=0, mem_end=0, base_addr=0, irq=0, dma=0, port=0}], [{nla_len=10, nla_type=IFLA_ADDRESS}, e4:43:4b:c3:b4:3c], [{nla_len=10, nla_type=IFLA_BROADCAST}, ff:ff:ff:ff:ff:ff], [{nla_len=196, nla_type=IFLA_STATS64}, {rx_packets=11827219, tx_packets=1191961, rx_bytes=4035262558, tx_bytes=164691680, rx_errors=0, tx_errors=0, rx_dropped=234, tx_dropped=0, multicast=1210099, collisions=0, rx_length_errors=0, rx_over_errors=0, rx_crc_errors=0, rx_frame_errors=0, rx_fifo_errors=0, rx_missed_errors=0, tx_aborted_errors=0, tx_carrier_errors=0, tx_fifo_errors=0, tx_heartbeat_errors=0, tx_window_errors=0, rx_compressed=0, tx_compressed=0, rx_nohandler=0}], [{nla_len=100, nla_type=IFLA_STATS}, {rx_packets=11827219, tx_packets=1191961, rx_bytes=4035262558, tx_bytes=164691680, rx_errors=0, tx_errors=0, rx_dropped=234, tx_dropped=0, multicast=1210099, collisions=0, rx_length_errors=0, rx_over_errors=0, rx_crc_errors=0, rx_frame_errors=0, rx_fifo_errors=0, rx_missed_errors=0, tx_aborted_errors=0, tx_carrier_errors=0, tx_fifo_errors=0, tx_heartbeat_errors=0, tx_window_errors=0, rx_compressed=0, tx_compressed=0, rx_nohandler=0}], [{nla_len=8, nla_type=IFLA_NUM_VF}, 0], {nla_len=4, nla_type=IFLA_VFINFO_LIST}, [{nla_len=12, nla_type=IFLA_XDP}, [{nla_len=5, nla_type=IFLA_XDP_ATTACHED}, XDP_ATTACHED_NONE]], [{nla_len=380, nla_type=IFLA_AF_SPEC}, [[{nla_len=136, nla_type=AF_INET}, [{nla_len=132, nla_type=IFLA_INET_CONF}, [[IPV4_DEVCONF_FORWARDING-1] = 1, [IPV4_DEVCONF_MC_FORWARDING-1] = 0, [IPV4_DEVCONF_PROXY_ARP-1] = 0, [IPV4_DEVCONF_ACCEPT_REDIRECTS-1] = 0, [IPV4_DEVCONF_SECURE_REDIRECTS-1] = 1, [IPV4_DEVCONF_SEND_REDIRECTS-1] = 1, [IPV4_DEVCONF_SHARED_MEDIA-1] = 1, [IPV4_DEVCONF_RP_FILTER-1] = 2, [IPV4_DEVCONF_ACCEPT_SOURCE_ROUTE-1] = 1, [IPV4_DEVCONF_BOOTP_RELAY-1] = 0, [IPV4_DEVCONF_LOG_MARTIANS-1] = 0, [IPV4_DEVCONF_TAG-1] = 0, [IPV4_DEVCONF_ARPFILTER-1] = 0, [IPV4_DEVCONF_MEDIUM_ID-1] = 0, [IPV4_DEVCONF_NOXFRM-1] = 0, [IPV4_DEVCONF_NOPOLICY-1] = 0, [IPV4_DEVCONF_FORCE_IGMP_VERSION-1] = 0, [IPV4_DEVCONF_ARP_ANNOUNCE-1] = 0, [IPV4_DEVCONF_ARP_IGNORE-1] = 0, [IPV4_DEVCONF_PROMOTE_SECONDARIES-1] = 1, [IPV4_DEVCONF_ARP_ACCEPT-1] = 0, [IPV4_DEVCONF_ARP_NOTIFY-1] = 0, [IPV4_DEVCONF_ACCEPT_LOCAL-1] = 0, [IPV4_DEVCONF_SRC_VMARK-1] = 0, [IPV4_DEVCONF_PROXY_ARP_PVLAN-1] = 0, [IPV4_DEVCONF_ROUTE_LOCALNET-1] = 0, [IPV4_DEVCONF_IGMPV2_UNSOLICITED_REPORT_INTERVAL-1] = 10000, [IPV4_DEVCONF_IGMPV3_UNSOLICITED_REPORT_INTERVAL-1] = 1000, [IPV4_DEVCONF_IGNORE_ROUTES_WITH_LINKDOWN-1] = 0, [IPV4_DEVCONF_DROP_UNICAST_IN_L2_MULTICAST-1] = 0, [IPV4_DEVCONF_DROP_GRATUITOUS_ARP-1] = 0, [IPV4_DEVCONF_BC_FORWARDING-1] = 0]]], [{nla_len=240, nla_type=AF_INET6}, [[{nla_len=8, nla_type=IFLA_INET6_FLAGS}, IF_READY], [{nla_len=20, nla_type=IFLA_INET6_CACHEINFO}, {max_reasm_len=65535, tstamp=1614, reachable_time=31716, retrans_time=1000}], [{nla_len=208, nla_type=IFLA_INET6_CONF}, [[DEVCONF_FORWARDING] = 0, [DEVCONF_HOPLIMIT] = 64, [DEVCONF_MTU6] = 1500, [DEVCONF_ACCEPT_RA] = 0, [DEVCONF_ACCEPT_REDIRECTS] = 1, [DEVCONF_AUTOCONF] = 1, [DEVCONF_DAD_TRANSMITS] = 1, [DEVCONF_RTR_SOLICITS] = -1, [DEVCONF_RTR_SOLICIT_INTERVAL] = 4000, [DEVCONF_RTR_SOLICIT_DELAY] = 1000, [DEVCONF_USE_TEMPADDR] = 0, [DEVCONF_TEMP_VALID_LFT] = 604800, [DEVCONF_TEMP_PREFERED_LFT] = 86400, [DEVCONF_REGEN_MAX_RETRY] = 3, [DEVCONF_MAX_DESYNC_FACTOR] = 600, [DEVCONF_MAX_ADDRESSES] = 16, [DEVCONF_FORCE_MLD_VERSION] = 0, [DEVCONF_ACCEPT_RA_DEFRTR] = 1, [DEVCONF_ACCEPT_RA_PINFO] = 1, [DEVCONF_ACCEPT_RA_RTR_PREF] = 1, [DEVCONF_RTR_PROBE_INTERVAL] = 60000, [DEVCONF_ACCEPT_RA_RT_INFO_MAX_PLEN] = 0, [DEVCONF_PROXY_NDP] = 0, [DEVCONF_OPTIMISTIC_DAD] = 0, [DEVCONF_ACCEPT_SOURCE_ROUTE] = 0, [DEVCONF_MC_FORWARDING] = 0, [DEVCONF_DISABLE_IPV6] = 0, [DEVCONF_ACCEPT_DAD] = 1, [DEVCONF_FORCE_TLLAO] = 0, [DEVCONF_NDISC_NOTIFY] = 0, [DEVCONF_MLDV1_UNSOLICITED_REPORT_INTERVAL] = 10000, [DEVCONF_MLDV2_UNSOLICITED_REPORT_INTERVAL] = 1000, ...]]]]]]]], iov_len=32768}], msg_iovlen=1, msg_controllen=0, msg_flags=0}, 0) = 948
close(4)                                = 0
sendmsg(3, {msg_name={sa_family=AF_NETLINK, nl_pid=0, nl_groups=00000000}, msg_namelen=12, msg_iov=[{iov_base=[{nlmsg_len=48, nlmsg_type=RTM_NEWNEXTHOP, nlmsg_flags=NLM_F_REQUEST|NLM_F_ACK|NLM_F_EXCL|NLM_F_CREATE, nlmsg_seq=1669711458, nlmsg_pid=0}, {nh_family=AF_INET, nh_scope=RT_SCOPE_UNIVERSE, nh_protocol=RTPROT_UNSPEC, nh_flags=0}, [[{nla_len=8, nla_type=NHA_ID}, 1], [{nla_len=8, nla_type=NHA_GATEWAY}, inet_addr("172.20.105.172")], [{nla_len=8, nla_type=NHA_OIF}, if_nametoindex("eno1")]]], iov_len=48}], msg_iovlen=1, msg_controllen=0, msg_flags=0}, 0) = 48
recvmsg(3, {msg_name={sa_family=AF_NETLINK, nl_pid=0, nl_groups=00000000}, msg_namelen=12, msg_iov=[{iov_base=NULL, iov_len=0}], msg_iovlen=1, msg_controllen=0, msg_flags=MSG_TRUNC}, MSG_PEEK|MSG_TRUNC) = 36
recvmsg(3, {msg_name={sa_family=AF_NETLINK, nl_pid=0, nl_groups=00000000}, msg_namelen=12, msg_iov=[{iov_base=[{nlmsg_len=36, nlmsg_type=NLMSG_ERROR, nlmsg_flags=NLM_F_CAPPED, nlmsg_seq=1669711458, nlmsg_pid=214358}, {error=0, msg={nlmsg_len=48, nlmsg_type=RTM_NEWNEXTHOP, nlmsg_flags=NLM_F_REQUEST|NLM_F_ACK|NLM_F_EXCL|NLM_F_CREATE, nlmsg_seq=1669711458, nlmsg_pid=0}}], iov_len=32768}], msg_iovlen=1, msg_controllen=0, msg_flags=0}, 0) = 36
exit_group(0)                           = ?
+++ exited with 0 +++




# strace ip nexthop add id 2 via 172.20.105.173 dev eno1
execve("/usr/sbin/ip", ["ip", "nexthop", "add", "id", "2", "via", "172.20.105.173", "dev", "eno1"], 0x7ffd8f1df8f0 /* 18 vars */) = 0
brk(NULL)                               = 0x55e6ee0ae000
arch_prctl(0x3001 /* ARCH_??? */, 0x7ffca7ffba70) = -1 EINVAL (Invalid argument)
access("/etc/ld.so.preload", R_OK)      = -1 ENOENT (No such file or directory)
openat(AT_FDCWD, "/etc/ld.so.cache", O_RDONLY|O_CLOEXEC) = 3
fstat(3, {st_mode=S_IFREG|0644, st_size=90170, ...}) = 0
mmap(NULL, 90170, PROT_READ, MAP_PRIVATE, 3, 0) = 0x7fcc0abf6000
close(3)                                = 0
openat(AT_FDCWD, "/lib/x86_64-linux-gnu/libelf.so.1", O_RDONLY|O_CLOEXEC) = 3
read(3, "\177ELF\2\1\1\0\0\0\0\0\0\0\0\0\3\0>\0\1\0\0\0\2005\0\0\0\0\0\0"..., 832) = 832
fstat(3, {st_mode=S_IFREG|0644, st_size=109200, ...}) = 0
mmap(NULL, 8192, PROT_READ|PROT_WRITE, MAP_PRIVATE|MAP_ANONYMOUS, -1, 0) = 0x7fcc0abf4000
mmap(NULL, 110976, PROT_READ, MAP_PRIVATE|MAP_DENYWRITE, 3, 0) = 0x7fcc0abd8000
mmap(0x7fcc0abdb000, 73728, PROT_READ|PROT_EXEC, MAP_PRIVATE|MAP_FIXED|MAP_DENYWRITE, 3, 0x3000) = 0x7fcc0abdb000
mmap(0x7fcc0abed000, 20480, PROT_READ, MAP_PRIVATE|MAP_FIXED|MAP_DENYWRITE, 3, 0x15000) = 0x7fcc0abed000
mmap(0x7fcc0abf2000, 8192, PROT_READ|PROT_WRITE, MAP_PRIVATE|MAP_FIXED|MAP_DENYWRITE, 3, 0x19000) = 0x7fcc0abf2000
close(3)                                = 0
openat(AT_FDCWD, "/lib/x86_64-linux-gnu/libmnl.so.0", O_RDONLY|O_CLOEXEC) = 3
read(3, "\177ELF\2\1\1\0\0\0\0\0\0\0\0\0\3\0>\0\1\0\0\0@\31\0\0\0\0\0\0"..., 832) = 832
fstat(3, {st_mode=S_IFREG|0644, st_size=22520, ...}) = 0
mmap(NULL, 2117648, PROT_READ|PROT_EXEC, MAP_PRIVATE|MAP_DENYWRITE, 3, 0) = 0x7fcc0a9d2000
mprotect(0x7fcc0a9d7000, 2093056, PROT_NONE) = 0
mmap(0x7fcc0abd6000, 8192, PROT_READ|PROT_WRITE, MAP_PRIVATE|MAP_FIXED|MAP_DENYWRITE, 3, 0x4000) = 0x7fcc0abd6000
close(3)                                = 0
openat(AT_FDCWD, "/lib/x86_64-linux-gnu/libbsd.so.0", O_RDONLY|O_CLOEXEC) = 3
read(3, "\177ELF\2\1\1\0\0\0\0\0\0\0\0\0\3\0>\0\1\0\0\0@N\0\0\0\0\0\0"..., 832) = 832
fstat(3, {st_mode=S_IFREG|0644, st_size=96728, ...}) = 0
mmap(NULL, 102768, PROT_READ, MAP_PRIVATE|MAP_DENYWRITE, 3, 0) = 0x7fcc0a9b8000
mprotect(0x7fcc0a9bc000, 77824, PROT_NONE) = 0
mmap(0x7fcc0a9bc000, 61440, PROT_READ|PROT_EXEC, MAP_PRIVATE|MAP_FIXED|MAP_DENYWRITE, 3, 0x4000) = 0x7fcc0a9bc000
mmap(0x7fcc0a9cb000, 12288, PROT_READ, MAP_PRIVATE|MAP_FIXED|MAP_DENYWRITE, 3, 0x13000) = 0x7fcc0a9cb000
mmap(0x7fcc0a9cf000, 8192, PROT_READ|PROT_WRITE, MAP_PRIVATE|MAP_FIXED|MAP_DENYWRITE, 3, 0x16000) = 0x7fcc0a9cf000
mmap(0x7fcc0a9d1000, 368, PROT_READ|PROT_WRITE, MAP_PRIVATE|MAP_FIXED|MAP_ANONYMOUS, -1, 0) = 0x7fcc0a9d1000
close(3)                                = 0
openat(AT_FDCWD, "/lib/x86_64-linux-gnu/libcap.so.2", O_RDONLY|O_CLOEXEC) = 3
read(3, "\177ELF\2\1\1\0\0\0\0\0\0\0\0\0\3\0>\0\1\0\0\0\300#\0\0\0\0\0\0"..., 832) = 832
fstat(3, {st_mode=S_IFREG|0644, st_size=31120, ...}) = 0
mmap(NULL, 33112, PROT_READ, MAP_PRIVATE|MAP_DENYWRITE, 3, 0) = 0x7fcc0a9af000
mprotect(0x7fcc0a9b1000, 20480, PROT_NONE) = 0
mmap(0x7fcc0a9b1000, 12288, PROT_READ|PROT_EXEC, MAP_PRIVATE|MAP_FIXED|MAP_DENYWRITE, 3, 0x2000) = 0x7fcc0a9b1000
mmap(0x7fcc0a9b4000, 4096, PROT_READ, MAP_PRIVATE|MAP_FIXED|MAP_DENYWRITE, 3, 0x5000) = 0x7fcc0a9b4000
mmap(0x7fcc0a9b6000, 8192, PROT_READ|PROT_WRITE, MAP_PRIVATE|MAP_FIXED|MAP_DENYWRITE, 3, 0x6000) = 0x7fcc0a9b6000
close(3)                                = 0
openat(AT_FDCWD, "/lib/x86_64-linux-gnu/libdl.so.2", O_RDONLY|O_CLOEXEC) = 3
read(3, "\177ELF\2\1\1\0\0\0\0\0\0\0\0\0\3\0>\0\1\0\0\0 \22\0\0\0\0\0\0"..., 832) = 832
fstat(3, {st_mode=S_IFREG|0644, st_size=18848, ...}) = 0
mmap(NULL, 20752, PROT_READ, MAP_PRIVATE|MAP_DENYWRITE, 3, 0) = 0x7fcc0a9a9000
mmap(0x7fcc0a9aa000, 8192, PROT_READ|PROT_EXEC, MAP_PRIVATE|MAP_FIXED|MAP_DENYWRITE, 3, 0x1000) = 0x7fcc0a9aa000
mmap(0x7fcc0a9ac000, 4096, PROT_READ, MAP_PRIVATE|MAP_FIXED|MAP_DENYWRITE, 3, 0x3000) = 0x7fcc0a9ac000
mmap(0x7fcc0a9ad000, 8192, PROT_READ|PROT_WRITE, MAP_PRIVATE|MAP_FIXED|MAP_DENYWRITE, 3, 0x3000) = 0x7fcc0a9ad000
close(3)                                = 0
openat(AT_FDCWD, "/lib/x86_64-linux-gnu/libc.so.6", O_RDONLY|O_CLOEXEC) = 3
read(3, "\177ELF\2\1\1\3\0\0\0\0\0\0\0\0\3\0>\0\1\0\0\0\300A\2\0\0\0\0\0"..., 832) = 832
pread64(3, "\6\0\0\0\4\0\0\0@\0\0\0\0\0\0\0@\0\0\0\0\0\0\0@\0\0\0\0\0\0\0"..., 784, 64) = 784
pread64(3, "\4\0\0\0\20\0\0\0\5\0\0\0GNU\0\2\0\0\300\4\0\0\0\3\0\0\0\0\0\0\0", 32, 848) = 32
pread64(3, "\4\0\0\0\24\0\0\0\3\0\0\0GNU\0\30x\346\264ur\f|Q\226\236i\253-'o"..., 68, 880) = 68
fstat(3, {st_mode=S_IFREG|0755, st_size=2029592, ...}) = 0
pread64(3, "\6\0\0\0\4\0\0\0@\0\0\0\0\0\0\0@\0\0\0\0\0\0\0@\0\0\0\0\0\0\0"..., 784, 64) = 784
pread64(3, "\4\0\0\0\20\0\0\0\5\0\0\0GNU\0\2\0\0\300\4\0\0\0\3\0\0\0\0\0\0\0", 32, 848) = 32
pread64(3, "\4\0\0\0\24\0\0\0\3\0\0\0GNU\0\30x\346\264ur\f|Q\226\236i\253-'o"..., 68, 880) = 68
mmap(NULL, 2037344, PROT_READ, MAP_PRIVATE|MAP_DENYWRITE, 3, 0) = 0x7fcc0a7b7000
mmap(0x7fcc0a7d9000, 1540096, PROT_READ|PROT_EXEC, MAP_PRIVATE|MAP_FIXED|MAP_DENYWRITE, 3, 0x22000) = 0x7fcc0a7d9000
mmap(0x7fcc0a951000, 319488, PROT_READ, MAP_PRIVATE|MAP_FIXED|MAP_DENYWRITE, 3, 0x19a000) = 0x7fcc0a951000
mmap(0x7fcc0a99f000, 24576, PROT_READ|PROT_WRITE, MAP_PRIVATE|MAP_FIXED|MAP_DENYWRITE, 3, 0x1e7000) = 0x7fcc0a99f000
mmap(0x7fcc0a9a5000, 13920, PROT_READ|PROT_WRITE, MAP_PRIVATE|MAP_FIXED|MAP_ANONYMOUS, -1, 0) = 0x7fcc0a9a5000
close(3)                                = 0
openat(AT_FDCWD, "/lib/x86_64-linux-gnu/libz.so.1", O_RDONLY|O_CLOEXEC) = 3
read(3, "\177ELF\2\1\1\3\0\0\0\0\0\0\0\0\3\0>\0\1\0\0\0\200\"\0\0\0\0\0\0"..., 832) = 832
fstat(3, {st_mode=S_IFREG|0644, st_size=108936, ...}) = 0
mmap(NULL, 8192, PROT_READ|PROT_WRITE, MAP_PRIVATE|MAP_ANONYMOUS, -1, 0) = 0x7fcc0a7b5000
mmap(NULL, 110776, PROT_READ, MAP_PRIVATE|MAP_DENYWRITE, 3, 0) = 0x7fcc0a799000
mprotect(0x7fcc0a79b000, 98304, PROT_NONE) = 0
mmap(0x7fcc0a79b000, 69632, PROT_READ|PROT_EXEC, MAP_PRIVATE|MAP_FIXED|MAP_DENYWRITE, 3, 0x2000) = 0x7fcc0a79b000
mmap(0x7fcc0a7ac000, 24576, PROT_READ, MAP_PRIVATE|MAP_FIXED|MAP_DENYWRITE, 3, 0x13000) = 0x7fcc0a7ac000
mmap(0x7fcc0a7b3000, 8192, PROT_READ|PROT_WRITE, MAP_PRIVATE|MAP_FIXED|MAP_DENYWRITE, 3, 0x19000) = 0x7fcc0a7b3000
close(3)                                = 0
mmap(NULL, 12288, PROT_READ|PROT_WRITE, MAP_PRIVATE|MAP_ANONYMOUS, -1, 0) = 0x7fcc0a796000
arch_prctl(ARCH_SET_FS, 0x7fcc0a796740) = 0
mprotect(0x7fcc0a99f000, 16384, PROT_READ) = 0
mprotect(0x7fcc0a7b3000, 4096, PROT_READ) = 0
mprotect(0x7fcc0a9ad000, 4096, PROT_READ) = 0
mprotect(0x7fcc0a9b6000, 4096, PROT_READ) = 0
mprotect(0x7fcc0a9cf000, 4096, PROT_READ) = 0
mprotect(0x7fcc0abd6000, 4096, PROT_READ) = 0
mprotect(0x7fcc0abf2000, 4096, PROT_READ) = 0
mprotect(0x55e6ec58c000, 8192, PROT_READ) = 0
mprotect(0x7fcc0ac3a000, 4096, PROT_READ) = 0
munmap(0x7fcc0abf6000, 90170)           = 0
prctl(PR_CAPBSET_READ, CAP_MAC_OVERRIDE) = 1
prctl(PR_CAPBSET_READ, 0x30 /* CAP_??? */) = -1 EINVAL (Invalid argument)
prctl(PR_CAPBSET_READ, CAP_CHECKPOINT_RESTORE) = -1 EINVAL (Invalid argument)
prctl(PR_CAPBSET_READ, CAP_BLOCK_SUSPEND) = 1
prctl(PR_CAPBSET_READ, CAP_PERFMON)     = -1 EINVAL (Invalid argument)
prctl(PR_CAPBSET_READ, CAP_AUDIT_READ)  = 1
getuid()                                = 0
socket(AF_NETLINK, SOCK_RAW|SOCK_CLOEXEC, NETLINK_ROUTE) = 3
setsockopt(3, SOL_SOCKET, SO_SNDBUF, [32768], 4) = 0
setsockopt(3, SOL_SOCKET, SO_RCVBUF, [1048576], 4) = 0
setsockopt(3, SOL_NETLINK, NETLINK_EXT_ACK, [1], 4) = 0
bind(3, {sa_family=AF_NETLINK, nl_pid=0, nl_groups=00000000}, 12) = 0
getsockname(3, {sa_family=AF_NETLINK, nl_pid=214369, nl_groups=00000000}, [12]) = 0
setsockopt(3, SOL_NETLINK, NETLINK_GET_STRICT_CHK, [1], 4) = 0
socket(AF_NETLINK, SOCK_RAW|SOCK_CLOEXEC, NETLINK_ROUTE) = 4
setsockopt(4, SOL_SOCKET, SO_SNDBUF, [32768], 4) = 0
setsockopt(4, SOL_SOCKET, SO_RCVBUF, [1048576], 4) = 0
setsockopt(4, SOL_NETLINK, NETLINK_EXT_ACK, [1], 4) = 0
bind(4, {sa_family=AF_NETLINK, nl_pid=0, nl_groups=00000000}, 12) = 0
getsockname(4, {sa_family=AF_NETLINK, nl_pid=-73757569, nl_groups=00000000}, [12]) = 0
sendmsg(4, {msg_name={sa_family=AF_NETLINK, nl_pid=0, nl_groups=00000000}, msg_namelen=12, msg_iov=[{iov_base=[{nlmsg_len=52, nlmsg_type=RTM_GETLINK, nlmsg_flags=NLM_F_REQUEST, nlmsg_seq=1669711492, nlmsg_pid=0}, {ifi_family=AF_UNSPEC, ifi_type=ARPHRD_NETROM, ifi_index=0, ifi_flags=0, ifi_change=0}, [[{nla_len=8, nla_type=IFLA_EXT_MASK}, RTEXT_FILTER_VF|RTEXT_FILTER_SKIP_STATS], [{nla_len=9, nla_type=IFLA_IFNAME}, "eno1"]]], iov_len=52}], msg_iovlen=1, msg_controllen=0, msg_flags=0}, 0) = 52
recvmsg(4, {msg_name={sa_family=AF_NETLINK, nl_pid=0, nl_groups=00000000}, msg_namelen=12, msg_iov=[{iov_base=NULL, iov_len=0}], msg_iovlen=1, msg_controllen=0, msg_flags=MSG_TRUNC}, MSG_PEEK|MSG_TRUNC) = 948
brk(NULL)                               = 0x55e6ee0ae000
brk(0x55e6ee0cf000)                     = 0x55e6ee0cf000
recvmsg(4, {msg_name={sa_family=AF_NETLINK, nl_pid=0, nl_groups=00000000}, msg_namelen=12, msg_iov=[{iov_base=[{nlmsg_len=948, nlmsg_type=RTM_NEWLINK, nlmsg_flags=0, nlmsg_seq=1669711492, nlmsg_pid=-73757569}, {ifi_family=AF_UNSPEC, ifi_type=ARPHRD_ETHER, ifi_index=if_nametoindex("eno1"), ifi_flags=IFF_UP|IFF_BROADCAST|IFF_RUNNING|IFF_MULTICAST|IFF_LOWER_UP, ifi_change=0}, [[{nla_len=9, nla_type=IFLA_IFNAME}, "eno1"], [{nla_len=8, nla_type=IFLA_TXQLEN}, 1000], [{nla_len=5, nla_type=IFLA_OPERSTATE}, 6], [{nla_len=5, nla_type=IFLA_LINKMODE}, 0], [{nla_len=8, nla_type=IFLA_MTU}, 1500], [{nla_len=8, nla_type=IFLA_MIN_MTU}, 68], [{nla_len=8, nla_type=IFLA_MAX_MTU}, 9710], [{nla_len=8, nla_type=IFLA_GROUP}, 0], [{nla_len=8, nla_type=IFLA_PROMISCUITY}, 0], [{nla_len=8, nla_type=IFLA_NUM_TX_QUEUES}, 64], [{nla_len=8, nla_type=IFLA_GSO_MAX_SEGS}, 65535], [{nla_len=8, nla_type=IFLA_GSO_MAX_SIZE}, 65536], [{nla_len=8, nla_type=IFLA_NUM_RX_QUEUES}, 64], [{nla_len=5, nla_type=IFLA_CARRIER}, 1], [{nla_len=7, nla_type=IFLA_QDISC}, "mq"], [{nla_len=8, nla_type=IFLA_CARRIER_CHANGES}, 2], [{nla_len=5, nla_type=IFLA_PROTO_DOWN}, 0], [{nla_len=8, nla_type=IFLA_CARRIER_UP_COUNT}, 1], [{nla_len=8, nla_type=IFLA_CARRIER_DOWN_COUNT}, 1], [{nla_len=36, nla_type=IFLA_MAP}, {mem_start=0, mem_end=0, base_addr=0, irq=0, dma=0, port=0}], [{nla_len=10, nla_type=IFLA_ADDRESS}, e4:43:4b:c3:b4:3c], [{nla_len=10, nla_type=IFLA_BROADCAST}, ff:ff:ff:ff:ff:ff], [{nla_len=196, nla_type=IFLA_STATS64}, {rx_packets=11827750, tx_packets=1192383, rx_bytes=4035337931, tx_bytes=164797606, rx_errors=0, tx_errors=0, rx_dropped=234, tx_dropped=0, multicast=1210115, collisions=0, rx_length_errors=0, rx_over_errors=0, rx_crc_errors=0, rx_frame_errors=0, rx_fifo_errors=0, rx_missed_errors=0, tx_aborted_errors=0, tx_carrier_errors=0, tx_fifo_errors=0, tx_heartbeat_errors=0, tx_window_errors=0, rx_compressed=0, tx_compressed=0, rx_nohandler=0}], [{nla_len=100, nla_type=IFLA_STATS}, {rx_packets=11827750, tx_packets=1192383, rx_bytes=4035337931, tx_bytes=164797606, rx_errors=0, tx_errors=0, rx_dropped=234, tx_dropped=0, multicast=1210115, collisions=0, rx_length_errors=0, rx_over_errors=0, rx_crc_errors=0, rx_frame_errors=0, rx_fifo_errors=0, rx_missed_errors=0, tx_aborted_errors=0, tx_carrier_errors=0, tx_fifo_errors=0, tx_heartbeat_errors=0, tx_window_errors=0, rx_compressed=0, tx_compressed=0, rx_nohandler=0}], [{nla_len=8, nla_type=IFLA_NUM_VF}, 0], {nla_len=4, nla_type=IFLA_VFINFO_LIST}, [{nla_len=12, nla_type=IFLA_XDP}, [{nla_len=5, nla_type=IFLA_XDP_ATTACHED}, XDP_ATTACHED_NONE]], [{nla_len=380, nla_type=IFLA_AF_SPEC}, [[{nla_len=136, nla_type=AF_INET}, [{nla_len=132, nla_type=IFLA_INET_CONF}, [[IPV4_DEVCONF_FORWARDING-1] = 1, [IPV4_DEVCONF_MC_FORWARDING-1] = 0, [IPV4_DEVCONF_PROXY_ARP-1] = 0, [IPV4_DEVCONF_ACCEPT_REDIRECTS-1] = 0, [IPV4_DEVCONF_SECURE_REDIRECTS-1] = 1, [IPV4_DEVCONF_SEND_REDIRECTS-1] = 1, [IPV4_DEVCONF_SHARED_MEDIA-1] = 1, [IPV4_DEVCONF_RP_FILTER-1] = 2, [IPV4_DEVCONF_ACCEPT_SOURCE_ROUTE-1] = 1, [IPV4_DEVCONF_BOOTP_RELAY-1] = 0, [IPV4_DEVCONF_LOG_MARTIANS-1] = 0, [IPV4_DEVCONF_TAG-1] = 0, [IPV4_DEVCONF_ARPFILTER-1] = 0, [IPV4_DEVCONF_MEDIUM_ID-1] = 0, [IPV4_DEVCONF_NOXFRM-1] = 0, [IPV4_DEVCONF_NOPOLICY-1] = 0, [IPV4_DEVCONF_FORCE_IGMP_VERSION-1] = 0, [IPV4_DEVCONF_ARP_ANNOUNCE-1] = 0, [IPV4_DEVCONF_ARP_IGNORE-1] = 0, [IPV4_DEVCONF_PROMOTE_SECONDARIES-1] = 1, [IPV4_DEVCONF_ARP_ACCEPT-1] = 0, [IPV4_DEVCONF_ARP_NOTIFY-1] = 0, [IPV4_DEVCONF_ACCEPT_LOCAL-1] = 0, [IPV4_DEVCONF_SRC_VMARK-1] = 0, [IPV4_DEVCONF_PROXY_ARP_PVLAN-1] = 0, [IPV4_DEVCONF_ROUTE_LOCALNET-1] = 0, [IPV4_DEVCONF_IGMPV2_UNSOLICITED_REPORT_INTERVAL-1] = 10000, [IPV4_DEVCONF_IGMPV3_UNSOLICITED_REPORT_INTERVAL-1] = 1000, [IPV4_DEVCONF_IGNORE_ROUTES_WITH_LINKDOWN-1] = 0, [IPV4_DEVCONF_DROP_UNICAST_IN_L2_MULTICAST-1] = 0, [IPV4_DEVCONF_DROP_GRATUITOUS_ARP-1] = 0, [IPV4_DEVCONF_BC_FORWARDING-1] = 0]]], [{nla_len=240, nla_type=AF_INET6}, [[{nla_len=8, nla_type=IFLA_INET6_FLAGS}, IF_READY], [{nla_len=20, nla_type=IFLA_INET6_CACHEINFO}, {max_reasm_len=65535, tstamp=1614, reachable_time=23656, retrans_time=1000}], [{nla_len=208, nla_type=IFLA_INET6_CONF}, [[DEVCONF_FORWARDING] = 0, [DEVCONF_HOPLIMIT] = 64, [DEVCONF_MTU6] = 1500, [DEVCONF_ACCEPT_RA] = 0, [DEVCONF_ACCEPT_REDIRECTS] = 1, [DEVCONF_AUTOCONF] = 1, [DEVCONF_DAD_TRANSMITS] = 1, [DEVCONF_RTR_SOLICITS] = -1, [DEVCONF_RTR_SOLICIT_INTERVAL] = 4000, [DEVCONF_RTR_SOLICIT_DELAY] = 1000, [DEVCONF_USE_TEMPADDR] = 0, [DEVCONF_TEMP_VALID_LFT] = 604800, [DEVCONF_TEMP_PREFERED_LFT] = 86400, [DEVCONF_REGEN_MAX_RETRY] = 3, [DEVCONF_MAX_DESYNC_FACTOR] = 600, [DEVCONF_MAX_ADDRESSES] = 16, [DEVCONF_FORCE_MLD_VERSION] = 0, [DEVCONF_ACCEPT_RA_DEFRTR] = 1, [DEVCONF_ACCEPT_RA_PINFO] = 1, [DEVCONF_ACCEPT_RA_RTR_PREF] = 1, [DEVCONF_RTR_PROBE_INTERVAL] = 60000, [DEVCONF_ACCEPT_RA_RT_INFO_MAX_PLEN] = 0, [DEVCONF_PROXY_NDP] = 0, [DEVCONF_OPTIMISTIC_DAD] = 0, [DEVCONF_ACCEPT_SOURCE_ROUTE] = 0, [DEVCONF_MC_FORWARDING] = 0, [DEVCONF_DISABLE_IPV6] = 0, [DEVCONF_ACCEPT_DAD] = 1, [DEVCONF_FORCE_TLLAO] = 0, [DEVCONF_NDISC_NOTIFY] = 0, [DEVCONF_MLDV1_UNSOLICITED_REPORT_INTERVAL] = 10000, [DEVCONF_MLDV2_UNSOLICITED_REPORT_INTERVAL] = 1000, ...]]]]]]]], iov_len=32768}], msg_iovlen=1, msg_controllen=0, msg_flags=0}, 0) = 948
close(4)                                = 0
sendmsg(3, {msg_name={sa_family=AF_NETLINK, nl_pid=0, nl_groups=00000000}, msg_namelen=12, msg_iov=[{iov_base=[{nlmsg_len=48, nlmsg_type=RTM_NEWNEXTHOP, nlmsg_flags=NLM_F_REQUEST|NLM_F_ACK|NLM_F_EXCL|NLM_F_CREATE, nlmsg_seq=1669711492, nlmsg_pid=0}, {nh_family=AF_INET, nh_scope=RT_SCOPE_UNIVERSE, nh_protocol=RTPROT_UNSPEC, nh_flags=0}, [[{nla_len=8, nla_type=NHA_ID}, 2], [{nla_len=8, nla_type=NHA_GATEWAY}, inet_addr("172.20.105.173")], [{nla_len=8, nla_type=NHA_OIF}, if_nametoindex("eno1")]]], iov_len=48}], msg_iovlen=1, msg_controllen=0, msg_flags=0}, 0) = 48
recvmsg(3, {msg_name={sa_family=AF_NETLINK, nl_pid=0, nl_groups=00000000}, msg_namelen=12, msg_iov=[{iov_base=NULL, iov_len=0}], msg_iovlen=1, msg_controllen=0, msg_flags=MSG_TRUNC}, MSG_PEEK|MSG_TRUNC) = 36
recvmsg(3, {msg_name={sa_family=AF_NETLINK, nl_pid=0, nl_groups=00000000}, msg_namelen=12, msg_iov=[{iov_base=[{nlmsg_len=36, nlmsg_type=NLMSG_ERROR, nlmsg_flags=NLM_F_CAPPED, nlmsg_seq=1669711492, nlmsg_pid=214369}, {error=0, msg={nlmsg_len=48, nlmsg_type=RTM_NEWNEXTHOP, nlmsg_flags=NLM_F_REQUEST|NLM_F_ACK|NLM_F_EXCL|NLM_F_CREATE, nlmsg_seq=1669711492, nlmsg_pid=0}}], iov_len=32768}], msg_iovlen=1, msg_controllen=0, msg_flags=0}, 0) = 36
exit_group(0)                           = ?
+++ exited with 0 +++
root@dcig171:/home/ebiken#




# strace ip nexthop add id 3 group 1/2
execve("/usr/sbin/ip", ["ip", "nexthop", "add", "id", "3", "group", "1/2"], 0x7fffb3b45570 /* 18 vars */) = 0
brk(NULL)                               = 0x55e0abcb6000
arch_prctl(0x3001 /* ARCH_??? */, 0x7ffd53a17ba0) = -1 EINVAL (Invalid argument)
access("/etc/ld.so.preload", R_OK)      = -1 ENOENT (No such file or directory)
openat(AT_FDCWD, "/etc/ld.so.cache", O_RDONLY|O_CLOEXEC) = 3
fstat(3, {st_mode=S_IFREG|0644, st_size=90170, ...}) = 0
mmap(NULL, 90170, PROT_READ, MAP_PRIVATE, 3, 0) = 0x7f6e94857000
close(3)                                = 0
openat(AT_FDCWD, "/lib/x86_64-linux-gnu/libelf.so.1", O_RDONLY|O_CLOEXEC) = 3
read(3, "\177ELF\2\1\1\0\0\0\0\0\0\0\0\0\3\0>\0\1\0\0\0\2005\0\0\0\0\0\0"..., 832) = 832
fstat(3, {st_mode=S_IFREG|0644, st_size=109200, ...}) = 0
mmap(NULL, 8192, PROT_READ|PROT_WRITE, MAP_PRIVATE|MAP_ANONYMOUS, -1, 0) = 0x7f6e94855000
mmap(NULL, 110976, PROT_READ, MAP_PRIVATE|MAP_DENYWRITE, 3, 0) = 0x7f6e94839000
mmap(0x7f6e9483c000, 73728, PROT_READ|PROT_EXEC, MAP_PRIVATE|MAP_FIXED|MAP_DENYWRITE, 3, 0x3000) = 0x7f6e9483c000
mmap(0x7f6e9484e000, 20480, PROT_READ, MAP_PRIVATE|MAP_FIXED|MAP_DENYWRITE, 3, 0x15000) = 0x7f6e9484e000
mmap(0x7f6e94853000, 8192, PROT_READ|PROT_WRITE, MAP_PRIVATE|MAP_FIXED|MAP_DENYWRITE, 3, 0x19000) = 0x7f6e94853000
close(3)                                = 0
openat(AT_FDCWD, "/lib/x86_64-linux-gnu/libmnl.so.0", O_RDONLY|O_CLOEXEC) = 3
read(3, "\177ELF\2\1\1\0\0\0\0\0\0\0\0\0\3\0>\0\1\0\0\0@\31\0\0\0\0\0\0"..., 832) = 832
fstat(3, {st_mode=S_IFREG|0644, st_size=22520, ...}) = 0
mmap(NULL, 2117648, PROT_READ|PROT_EXEC, MAP_PRIVATE|MAP_DENYWRITE, 3, 0) = 0x7f6e94633000
mprotect(0x7f6e94638000, 2093056, PROT_NONE) = 0
mmap(0x7f6e94837000, 8192, PROT_READ|PROT_WRITE, MAP_PRIVATE|MAP_FIXED|MAP_DENYWRITE, 3, 0x4000) = 0x7f6e94837000
close(3)                                = 0
openat(AT_FDCWD, "/lib/x86_64-linux-gnu/libbsd.so.0", O_RDONLY|O_CLOEXEC) = 3
read(3, "\177ELF\2\1\1\0\0\0\0\0\0\0\0\0\3\0>\0\1\0\0\0@N\0\0\0\0\0\0"..., 832) = 832
fstat(3, {st_mode=S_IFREG|0644, st_size=96728, ...}) = 0
mmap(NULL, 102768, PROT_READ, MAP_PRIVATE|MAP_DENYWRITE, 3, 0) = 0x7f6e94619000
mprotect(0x7f6e9461d000, 77824, PROT_NONE) = 0
mmap(0x7f6e9461d000, 61440, PROT_READ|PROT_EXEC, MAP_PRIVATE|MAP_FIXED|MAP_DENYWRITE, 3, 0x4000) = 0x7f6e9461d000
mmap(0x7f6e9462c000, 12288, PROT_READ, MAP_PRIVATE|MAP_FIXED|MAP_DENYWRITE, 3, 0x13000) = 0x7f6e9462c000
mmap(0x7f6e94630000, 8192, PROT_READ|PROT_WRITE, MAP_PRIVATE|MAP_FIXED|MAP_DENYWRITE, 3, 0x16000) = 0x7f6e94630000
mmap(0x7f6e94632000, 368, PROT_READ|PROT_WRITE, MAP_PRIVATE|MAP_FIXED|MAP_ANONYMOUS, -1, 0) = 0x7f6e94632000
close(3)                                = 0
openat(AT_FDCWD, "/lib/x86_64-linux-gnu/libcap.so.2", O_RDONLY|O_CLOEXEC) = 3
read(3, "\177ELF\2\1\1\0\0\0\0\0\0\0\0\0\3\0>\0\1\0\0\0\300#\0\0\0\0\0\0"..., 832) = 832
fstat(3, {st_mode=S_IFREG|0644, st_size=31120, ...}) = 0
mmap(NULL, 33112, PROT_READ, MAP_PRIVATE|MAP_DENYWRITE, 3, 0) = 0x7f6e94610000
mprotect(0x7f6e94612000, 20480, PROT_NONE) = 0
mmap(0x7f6e94612000, 12288, PROT_READ|PROT_EXEC, MAP_PRIVATE|MAP_FIXED|MAP_DENYWRITE, 3, 0x2000) = 0x7f6e94612000
mmap(0x7f6e94615000, 4096, PROT_READ, MAP_PRIVATE|MAP_FIXED|MAP_DENYWRITE, 3, 0x5000) = 0x7f6e94615000
mmap(0x7f6e94617000, 8192, PROT_READ|PROT_WRITE, MAP_PRIVATE|MAP_FIXED|MAP_DENYWRITE, 3, 0x6000) = 0x7f6e94617000
close(3)                                = 0
openat(AT_FDCWD, "/lib/x86_64-linux-gnu/libdl.so.2", O_RDONLY|O_CLOEXEC) = 3
read(3, "\177ELF\2\1\1\0\0\0\0\0\0\0\0\0\3\0>\0\1\0\0\0 \22\0\0\0\0\0\0"..., 832) = 832
fstat(3, {st_mode=S_IFREG|0644, st_size=18848, ...}) = 0
mmap(NULL, 20752, PROT_READ, MAP_PRIVATE|MAP_DENYWRITE, 3, 0) = 0x7f6e9460a000
mmap(0x7f6e9460b000, 8192, PROT_READ|PROT_EXEC, MAP_PRIVATE|MAP_FIXED|MAP_DENYWRITE, 3, 0x1000) = 0x7f6e9460b000
mmap(0x7f6e9460d000, 4096, PROT_READ, MAP_PRIVATE|MAP_FIXED|MAP_DENYWRITE, 3, 0x3000) = 0x7f6e9460d000
mmap(0x7f6e9460e000, 8192, PROT_READ|PROT_WRITE, MAP_PRIVATE|MAP_FIXED|MAP_DENYWRITE, 3, 0x3000) = 0x7f6e9460e000
close(3)                                = 0
openat(AT_FDCWD, "/lib/x86_64-linux-gnu/libc.so.6", O_RDONLY|O_CLOEXEC) = 3
read(3, "\177ELF\2\1\1\3\0\0\0\0\0\0\0\0\3\0>\0\1\0\0\0\300A\2\0\0\0\0\0"..., 832) = 832
pread64(3, "\6\0\0\0\4\0\0\0@\0\0\0\0\0\0\0@\0\0\0\0\0\0\0@\0\0\0\0\0\0\0"..., 784, 64) = 784
pread64(3, "\4\0\0\0\20\0\0\0\5\0\0\0GNU\0\2\0\0\300\4\0\0\0\3\0\0\0\0\0\0\0", 32, 848) = 32
pread64(3, "\4\0\0\0\24\0\0\0\3\0\0\0GNU\0\30x\346\264ur\f|Q\226\236i\253-'o"..., 68, 880) = 68
fstat(3, {st_mode=S_IFREG|0755, st_size=2029592, ...}) = 0
pread64(3, "\6\0\0\0\4\0\0\0@\0\0\0\0\0\0\0@\0\0\0\0\0\0\0@\0\0\0\0\0\0\0"..., 784, 64) = 784
pread64(3, "\4\0\0\0\20\0\0\0\5\0\0\0GNU\0\2\0\0\300\4\0\0\0\3\0\0\0\0\0\0\0", 32, 848) = 32
pread64(3, "\4\0\0\0\24\0\0\0\3\0\0\0GNU\0\30x\346\264ur\f|Q\226\236i\253-'o"..., 68, 880) = 68
mmap(NULL, 2037344, PROT_READ, MAP_PRIVATE|MAP_DENYWRITE, 3, 0) = 0x7f6e94418000
mmap(0x7f6e9443a000, 1540096, PROT_READ|PROT_EXEC, MAP_PRIVATE|MAP_FIXED|MAP_DENYWRITE, 3, 0x22000) = 0x7f6e9443a000
mmap(0x7f6e945b2000, 319488, PROT_READ, MAP_PRIVATE|MAP_FIXED|MAP_DENYWRITE, 3, 0x19a000) = 0x7f6e945b2000
mmap(0x7f6e94600000, 24576, PROT_READ|PROT_WRITE, MAP_PRIVATE|MAP_FIXED|MAP_DENYWRITE, 3, 0x1e7000) = 0x7f6e94600000
mmap(0x7f6e94606000, 13920, PROT_READ|PROT_WRITE, MAP_PRIVATE|MAP_FIXED|MAP_ANONYMOUS, -1, 0) = 0x7f6e94606000
close(3)                                = 0
openat(AT_FDCWD, "/lib/x86_64-linux-gnu/libz.so.1", O_RDONLY|O_CLOEXEC) = 3
read(3, "\177ELF\2\1\1\3\0\0\0\0\0\0\0\0\3\0>\0\1\0\0\0\200\"\0\0\0\0\0\0"..., 832) = 832
fstat(3, {st_mode=S_IFREG|0644, st_size=108936, ...}) = 0
mmap(NULL, 8192, PROT_READ|PROT_WRITE, MAP_PRIVATE|MAP_ANONYMOUS, -1, 0) = 0x7f6e94416000
mmap(NULL, 110776, PROT_READ, MAP_PRIVATE|MAP_DENYWRITE, 3, 0) = 0x7f6e943fa000
mprotect(0x7f6e943fc000, 98304, PROT_NONE) = 0
mmap(0x7f6e943fc000, 69632, PROT_READ|PROT_EXEC, MAP_PRIVATE|MAP_FIXED|MAP_DENYWRITE, 3, 0x2000) = 0x7f6e943fc000
mmap(0x7f6e9440d000, 24576, PROT_READ, MAP_PRIVATE|MAP_FIXED|MAP_DENYWRITE, 3, 0x13000) = 0x7f6e9440d000
mmap(0x7f6e94414000, 8192, PROT_READ|PROT_WRITE, MAP_PRIVATE|MAP_FIXED|MAP_DENYWRITE, 3, 0x19000) = 0x7f6e94414000
close(3)                                = 0
mmap(NULL, 12288, PROT_READ|PROT_WRITE, MAP_PRIVATE|MAP_ANONYMOUS, -1, 0) = 0x7f6e943f7000
arch_prctl(ARCH_SET_FS, 0x7f6e943f7740) = 0
mprotect(0x7f6e94600000, 16384, PROT_READ) = 0
mprotect(0x7f6e94414000, 4096, PROT_READ) = 0
mprotect(0x7f6e9460e000, 4096, PROT_READ) = 0
mprotect(0x7f6e94617000, 4096, PROT_READ) = 0
mprotect(0x7f6e94630000, 4096, PROT_READ) = 0
mprotect(0x7f6e94837000, 4096, PROT_READ) = 0
mprotect(0x7f6e94853000, 4096, PROT_READ) = 0
mprotect(0x55e0ab65a000, 8192, PROT_READ) = 0
mprotect(0x7f6e9489b000, 4096, PROT_READ) = 0
munmap(0x7f6e94857000, 90170)           = 0
prctl(PR_CAPBSET_READ, CAP_MAC_OVERRIDE) = 1
prctl(PR_CAPBSET_READ, 0x30 /* CAP_??? */) = -1 EINVAL (Invalid argument)
prctl(PR_CAPBSET_READ, CAP_CHECKPOINT_RESTORE) = -1 EINVAL (Invalid argument)
prctl(PR_CAPBSET_READ, CAP_BLOCK_SUSPEND) = 1
prctl(PR_CAPBSET_READ, CAP_PERFMON)     = -1 EINVAL (Invalid argument)
prctl(PR_CAPBSET_READ, CAP_AUDIT_READ)  = 1
getuid()                                = 0
socket(AF_NETLINK, SOCK_RAW|SOCK_CLOEXEC, NETLINK_ROUTE) = 3
setsockopt(3, SOL_SOCKET, SO_SNDBUF, [32768], 4) = 0
setsockopt(3, SOL_SOCKET, SO_RCVBUF, [1048576], 4) = 0
setsockopt(3, SOL_NETLINK, NETLINK_EXT_ACK, [1], 4) = 0
bind(3, {sa_family=AF_NETLINK, nl_pid=0, nl_groups=00000000}, 12) = 0
getsockname(3, {sa_family=AF_NETLINK, nl_pid=214397, nl_groups=00000000}, [12]) = 0
setsockopt(3, SOL_NETLINK, NETLINK_GET_STRICT_CHK, [1], 4) = 0
brk(NULL)                               = 0x55e0abcb6000
brk(0x55e0abcd7000)                     = 0x55e0abcd7000
sendmsg(3, {msg_name={sa_family=AF_NETLINK, nl_pid=0, nl_groups=00000000}, msg_namelen=12, msg_iov=[{iov_base=[{nlmsg_len=52, nlmsg_type=RTM_NEWNEXTHOP, nlmsg_flags=NLM_F_REQUEST|NLM_F_ACK|NLM_F_EXCL|NLM_F_CREATE, nlmsg_seq=1669711532, nlmsg_pid=0}, {nh_family=AF_UNSPEC, nh_scope=RT_SCOPE_UNIVERSE, nh_protocol=RTPROT_UNSPEC, nh_flags=0}, [[{nla_len=8, nla_type=NHA_ID}, 3], [{nla_len=20, nla_type=NHA_GROUP}, [{id=1, weight=0}, {id=2, weight=0}]]]], iov_len=52}], msg_iovlen=1, msg_controllen=0, msg_flags=0}, 0) = 52
recvmsg(3, {msg_name={sa_family=AF_NETLINK, nl_pid=0, nl_groups=00000000}, msg_namelen=12, msg_iov=[{iov_base=NULL, iov_len=0}], msg_iovlen=1, msg_controllen=0, msg_flags=MSG_TRUNC}, MSG_PEEK|MSG_TRUNC) = 36
recvmsg(3, {msg_name={sa_family=AF_NETLINK, nl_pid=0, nl_groups=00000000}, msg_namelen=12, msg_iov=[{iov_base=[{nlmsg_len=36, nlmsg_type=NLMSG_ERROR, nlmsg_flags=NLM_F_CAPPED, nlmsg_seq=1669711532, nlmsg_pid=214397}, {error=0, msg={nlmsg_len=52, nlmsg_type=RTM_NEWNEXTHOP, nlmsg_flags=NLM_F_REQUEST|NLM_F_ACK|NLM_F_EXCL|NLM_F_CREATE, nlmsg_seq=1669711532, nlmsg_pid=0}}], iov_len=32768}], msg_iovlen=1, msg_controllen=0, msg_flags=0}, 0) = 36
exit_group(0)                           = ?
+++ exited with 0 +++



# strace ip route add 10.11.12.13/32 nhid 3
execve("/usr/sbin/ip", ["ip", "route", "add", "10.11.12.13/32", "nhid", "3"], 0x7ffce5ad3958 /* 18 vars */) = 0
brk(NULL)                               = 0x560f96434000
arch_prctl(0x3001 /* ARCH_??? */, 0x7fff210c4a20) = -1 EINVAL (Invalid argument)
access("/etc/ld.so.preload", R_OK)      = -1 ENOENT (No such file or directory)
openat(AT_FDCWD, "/etc/ld.so.cache", O_RDONLY|O_CLOEXEC) = 3
fstat(3, {st_mode=S_IFREG|0644, st_size=90170, ...}) = 0
mmap(NULL, 90170, PROT_READ, MAP_PRIVATE, 3, 0) = 0x7f27fda6d000
close(3)                                = 0
openat(AT_FDCWD, "/lib/x86_64-linux-gnu/libelf.so.1", O_RDONLY|O_CLOEXEC) = 3
read(3, "\177ELF\2\1\1\0\0\0\0\0\0\0\0\0\3\0>\0\1\0\0\0\2005\0\0\0\0\0\0"..., 832) = 832
fstat(3, {st_mode=S_IFREG|0644, st_size=109200, ...}) = 0
mmap(NULL, 8192, PROT_READ|PROT_WRITE, MAP_PRIVATE|MAP_ANONYMOUS, -1, 0) = 0x7f27fda6b000
mmap(NULL, 110976, PROT_READ, MAP_PRIVATE|MAP_DENYWRITE, 3, 0) = 0x7f27fda4f000
mmap(0x7f27fda52000, 73728, PROT_READ|PROT_EXEC, MAP_PRIVATE|MAP_FIXED|MAP_DENYWRITE, 3, 0x3000) = 0x7f27fda52000
mmap(0x7f27fda64000, 20480, PROT_READ, MAP_PRIVATE|MAP_FIXED|MAP_DENYWRITE, 3, 0x15000) = 0x7f27fda64000
mmap(0x7f27fda69000, 8192, PROT_READ|PROT_WRITE, MAP_PRIVATE|MAP_FIXED|MAP_DENYWRITE, 3, 0x19000) = 0x7f27fda69000
close(3)                                = 0
openat(AT_FDCWD, "/lib/x86_64-linux-gnu/libmnl.so.0", O_RDONLY|O_CLOEXEC) = 3
read(3, "\177ELF\2\1\1\0\0\0\0\0\0\0\0\0\3\0>\0\1\0\0\0@\31\0\0\0\0\0\0"..., 832) = 832
fstat(3, {st_mode=S_IFREG|0644, st_size=22520, ...}) = 0
mmap(NULL, 2117648, PROT_READ|PROT_EXEC, MAP_PRIVATE|MAP_DENYWRITE, 3, 0) = 0x7f27fd849000
mprotect(0x7f27fd84e000, 2093056, PROT_NONE) = 0
mmap(0x7f27fda4d000, 8192, PROT_READ|PROT_WRITE, MAP_PRIVATE|MAP_FIXED|MAP_DENYWRITE, 3, 0x4000) = 0x7f27fda4d000
close(3)                                = 0
openat(AT_FDCWD, "/lib/x86_64-linux-gnu/libbsd.so.0", O_RDONLY|O_CLOEXEC) = 3
read(3, "\177ELF\2\1\1\0\0\0\0\0\0\0\0\0\3\0>\0\1\0\0\0@N\0\0\0\0\0\0"..., 832) = 832
fstat(3, {st_mode=S_IFREG|0644, st_size=96728, ...}) = 0
mmap(NULL, 102768, PROT_READ, MAP_PRIVATE|MAP_DENYWRITE, 3, 0) = 0x7f27fd82f000
mprotect(0x7f27fd833000, 77824, PROT_NONE) = 0
mmap(0x7f27fd833000, 61440, PROT_READ|PROT_EXEC, MAP_PRIVATE|MAP_FIXED|MAP_DENYWRITE, 3, 0x4000) = 0x7f27fd833000
mmap(0x7f27fd842000, 12288, PROT_READ, MAP_PRIVATE|MAP_FIXED|MAP_DENYWRITE, 3, 0x13000) = 0x7f27fd842000
mmap(0x7f27fd846000, 8192, PROT_READ|PROT_WRITE, MAP_PRIVATE|MAP_FIXED|MAP_DENYWRITE, 3, 0x16000) = 0x7f27fd846000
mmap(0x7f27fd848000, 368, PROT_READ|PROT_WRITE, MAP_PRIVATE|MAP_FIXED|MAP_ANONYMOUS, -1, 0) = 0x7f27fd848000
close(3)                                = 0
openat(AT_FDCWD, "/lib/x86_64-linux-gnu/libcap.so.2", O_RDONLY|O_CLOEXEC) = 3
read(3, "\177ELF\2\1\1\0\0\0\0\0\0\0\0\0\3\0>\0\1\0\0\0\300#\0\0\0\0\0\0"..., 832) = 832
fstat(3, {st_mode=S_IFREG|0644, st_size=31120, ...}) = 0
mmap(NULL, 33112, PROT_READ, MAP_PRIVATE|MAP_DENYWRITE, 3, 0) = 0x7f27fd826000
mprotect(0x7f27fd828000, 20480, PROT_NONE) = 0
mmap(0x7f27fd828000, 12288, PROT_READ|PROT_EXEC, MAP_PRIVATE|MAP_FIXED|MAP_DENYWRITE, 3, 0x2000) = 0x7f27fd828000
mmap(0x7f27fd82b000, 4096, PROT_READ, MAP_PRIVATE|MAP_FIXED|MAP_DENYWRITE, 3, 0x5000) = 0x7f27fd82b000
mmap(0x7f27fd82d000, 8192, PROT_READ|PROT_WRITE, MAP_PRIVATE|MAP_FIXED|MAP_DENYWRITE, 3, 0x6000) = 0x7f27fd82d000
close(3)                                = 0
openat(AT_FDCWD, "/lib/x86_64-linux-gnu/libdl.so.2", O_RDONLY|O_CLOEXEC) = 3
read(3, "\177ELF\2\1\1\0\0\0\0\0\0\0\0\0\3\0>\0\1\0\0\0 \22\0\0\0\0\0\0"..., 832) = 832
fstat(3, {st_mode=S_IFREG|0644, st_size=18848, ...}) = 0
mmap(NULL, 20752, PROT_READ, MAP_PRIVATE|MAP_DENYWRITE, 3, 0) = 0x7f27fd820000
mmap(0x7f27fd821000, 8192, PROT_READ|PROT_EXEC, MAP_PRIVATE|MAP_FIXED|MAP_DENYWRITE, 3, 0x1000) = 0x7f27fd821000
mmap(0x7f27fd823000, 4096, PROT_READ, MAP_PRIVATE|MAP_FIXED|MAP_DENYWRITE, 3, 0x3000) = 0x7f27fd823000
mmap(0x7f27fd824000, 8192, PROT_READ|PROT_WRITE, MAP_PRIVATE|MAP_FIXED|MAP_DENYWRITE, 3, 0x3000) = 0x7f27fd824000
close(3)                                = 0
openat(AT_FDCWD, "/lib/x86_64-linux-gnu/libc.so.6", O_RDONLY|O_CLOEXEC) = 3
read(3, "\177ELF\2\1\1\3\0\0\0\0\0\0\0\0\3\0>\0\1\0\0\0\300A\2\0\0\0\0\0"..., 832) = 832
pread64(3, "\6\0\0\0\4\0\0\0@\0\0\0\0\0\0\0@\0\0\0\0\0\0\0@\0\0\0\0\0\0\0"..., 784, 64) = 784
pread64(3, "\4\0\0\0\20\0\0\0\5\0\0\0GNU\0\2\0\0\300\4\0\0\0\3\0\0\0\0\0\0\0", 32, 848) = 32
pread64(3, "\4\0\0\0\24\0\0\0\3\0\0\0GNU\0\30x\346\264ur\f|Q\226\236i\253-'o"..., 68, 880) = 68
fstat(3, {st_mode=S_IFREG|0755, st_size=2029592, ...}) = 0
pread64(3, "\6\0\0\0\4\0\0\0@\0\0\0\0\0\0\0@\0\0\0\0\0\0\0@\0\0\0\0\0\0\0"..., 784, 64) = 784
pread64(3, "\4\0\0\0\20\0\0\0\5\0\0\0GNU\0\2\0\0\300\4\0\0\0\3\0\0\0\0\0\0\0", 32, 848) = 32
pread64(3, "\4\0\0\0\24\0\0\0\3\0\0\0GNU\0\30x\346\264ur\f|Q\226\236i\253-'o"..., 68, 880) = 68
mmap(NULL, 2037344, PROT_READ, MAP_PRIVATE|MAP_DENYWRITE, 3, 0) = 0x7f27fd62e000
mmap(0x7f27fd650000, 1540096, PROT_READ|PROT_EXEC, MAP_PRIVATE|MAP_FIXED|MAP_DENYWRITE, 3, 0x22000) = 0x7f27fd650000
mmap(0x7f27fd7c8000, 319488, PROT_READ, MAP_PRIVATE|MAP_FIXED|MAP_DENYWRITE, 3, 0x19a000) = 0x7f27fd7c8000
mmap(0x7f27fd816000, 24576, PROT_READ|PROT_WRITE, MAP_PRIVATE|MAP_FIXED|MAP_DENYWRITE, 3, 0x1e7000) = 0x7f27fd816000
mmap(0x7f27fd81c000, 13920, PROT_READ|PROT_WRITE, MAP_PRIVATE|MAP_FIXED|MAP_ANONYMOUS, -1, 0) = 0x7f27fd81c000
close(3)                                = 0
openat(AT_FDCWD, "/lib/x86_64-linux-gnu/libz.so.1", O_RDONLY|O_CLOEXEC) = 3
read(3, "\177ELF\2\1\1\3\0\0\0\0\0\0\0\0\3\0>\0\1\0\0\0\200\"\0\0\0\0\0\0"..., 832) = 832
fstat(3, {st_mode=S_IFREG|0644, st_size=108936, ...}) = 0
mmap(NULL, 8192, PROT_READ|PROT_WRITE, MAP_PRIVATE|MAP_ANONYMOUS, -1, 0) = 0x7f27fd62c000
mmap(NULL, 110776, PROT_READ, MAP_PRIVATE|MAP_DENYWRITE, 3, 0) = 0x7f27fd610000
mprotect(0x7f27fd612000, 98304, PROT_NONE) = 0
mmap(0x7f27fd612000, 69632, PROT_READ|PROT_EXEC, MAP_PRIVATE|MAP_FIXED|MAP_DENYWRITE, 3, 0x2000) = 0x7f27fd612000
mmap(0x7f27fd623000, 24576, PROT_READ, MAP_PRIVATE|MAP_FIXED|MAP_DENYWRITE, 3, 0x13000) = 0x7f27fd623000
mmap(0x7f27fd62a000, 8192, PROT_READ|PROT_WRITE, MAP_PRIVATE|MAP_FIXED|MAP_DENYWRITE, 3, 0x19000) = 0x7f27fd62a000
close(3)                                = 0
mmap(NULL, 12288, PROT_READ|PROT_WRITE, MAP_PRIVATE|MAP_ANONYMOUS, -1, 0) = 0x7f27fd60d000
arch_prctl(ARCH_SET_FS, 0x7f27fd60d740) = 0
mprotect(0x7f27fd816000, 16384, PROT_READ) = 0
mprotect(0x7f27fd62a000, 4096, PROT_READ) = 0
mprotect(0x7f27fd824000, 4096, PROT_READ) = 0
mprotect(0x7f27fd82d000, 4096, PROT_READ) = 0
mprotect(0x7f27fd846000, 4096, PROT_READ) = 0
mprotect(0x7f27fda4d000, 4096, PROT_READ) = 0
mprotect(0x7f27fda69000, 4096, PROT_READ) = 0
mprotect(0x560f9560c000, 8192, PROT_READ) = 0
mprotect(0x7f27fdab1000, 4096, PROT_READ) = 0
munmap(0x7f27fda6d000, 90170)           = 0
prctl(PR_CAPBSET_READ, CAP_MAC_OVERRIDE) = 1
prctl(PR_CAPBSET_READ, 0x30 /* CAP_??? */) = -1 EINVAL (Invalid argument)
prctl(PR_CAPBSET_READ, CAP_CHECKPOINT_RESTORE) = -1 EINVAL (Invalid argument)
prctl(PR_CAPBSET_READ, CAP_BLOCK_SUSPEND) = 1
prctl(PR_CAPBSET_READ, CAP_PERFMON)     = -1 EINVAL (Invalid argument)
prctl(PR_CAPBSET_READ, CAP_AUDIT_READ)  = 1
getuid()                                = 0
socket(AF_NETLINK, SOCK_RAW|SOCK_CLOEXEC, NETLINK_ROUTE) = 3
setsockopt(3, SOL_SOCKET, SO_SNDBUF, [32768], 4) = 0
setsockopt(3, SOL_SOCKET, SO_RCVBUF, [1048576], 4) = 0
setsockopt(3, SOL_NETLINK, NETLINK_EXT_ACK, [1], 4) = 0
bind(3, {sa_family=AF_NETLINK, nl_pid=0, nl_groups=00000000}, 12) = 0
getsockname(3, {sa_family=AF_NETLINK, nl_pid=214422, nl_groups=00000000}, [12]) = 0
setsockopt(3, SOL_NETLINK, NETLINK_GET_STRICT_CHK, [1], 4) = 0
sendmsg(3, {msg_name={sa_family=AF_NETLINK, nl_pid=0, nl_groups=00000000}, msg_namelen=12, msg_iov=[{iov_base=[{nlmsg_len=44, nlmsg_type=RTM_NEWROUTE, nlmsg_flags=NLM_F_REQUEST|NLM_F_ACK|NLM_F_EXCL|NLM_F_CREATE, nlmsg_seq=1669711569, nlmsg_pid=0}, {rtm_family=AF_INET, rtm_dst_len=32, rtm_src_len=0, rtm_tos=0, rtm_table=RT_TABLE_MAIN, rtm_protocol=RTPROT_BOOT, rtm_scope=RT_SCOPE_UNIVERSE, rtm_type=RTN_UNICAST, rtm_flags=0}, [[{nla_len=8, nla_type=RTA_DST}, inet_addr("10.11.12.13")], [{nla_len=8, nla_type=RTA_NH_ID}, "\x03\x00\x00\x00"]]], iov_len=44}], msg_iovlen=1, msg_controllen=0, msg_flags=0}, 0) = 44
recvmsg(3, {msg_name={sa_family=AF_NETLINK, nl_pid=0, nl_groups=00000000}, msg_namelen=12, msg_iov=[{iov_base=NULL, iov_len=0}], msg_iovlen=1, msg_controllen=0, msg_flags=MSG_TRUNC}, MSG_PEEK|MSG_TRUNC) = 36
brk(NULL)                               = 0x560f96434000
brk(0x560f96455000)                     = 0x560f96455000
recvmsg(3, {msg_name={sa_family=AF_NETLINK, nl_pid=0, nl_groups=00000000}, msg_namelen=12, msg_iov=[{iov_base=[{nlmsg_len=36, nlmsg_type=NLMSG_ERROR, nlmsg_flags=NLM_F_CAPPED, nlmsg_seq=1669711569, nlmsg_pid=214422}, {error=0, msg={nlmsg_len=44, nlmsg_type=RTM_NEWROUTE, nlmsg_flags=NLM_F_REQUEST|NLM_F_ACK|NLM_F_EXCL|NLM_F_CREATE, nlmsg_seq=1669711569, nlmsg_pid=0}}], iov_len=32768}], msg_iovlen=1, msg_controllen=0, msg_flags=0}, 0) = 36
exit_group(0)                           = ?
+++ exited with 0 +++

